#-----------------------------------------------------------
# Webtalk v2019.1 (64-bit)
# SW Build 2552052 on Fri May 24 14:49:42 MDT 2019
# 
# Start of session at: Mon Jun  6 12:28:43 2022
# Process ID: 10112
# Current directory: F:/snake_1/snake_1.sdk/webtalk
# Command line: wbtcv.exe -mode batch -source sdk_webtalk.tcl
# Log file: F:/snake_1/snake_1.sdk/webtalk/webtalk.log
# Journal file: F:/snake_1/snake_1.sdk/webtalk\webtalk.jou
#-----------------------------------------------------------
source sdk_webtalk.tcl
# webtalk_init -webtalk_dir F:\\snake_1\\snake_1.sdk\\webtalk
# webtalk_register_client -client project
# webtalk_add_data -client project -key date_generated -value "2022-06-06 12:28:41" -context "software_version_and_target_device"
# webtalk_add_data -client project -key product_version -value "SDK v2019.1" -context "software_version_and_target_device"
# webtalk_add_data -client project -key build_version -value "2019.1" -context "software_version_and_target_device"
# webtalk_add_data -client project -key os_platform -value "amd64" -context "software_version_and_target_device"
# webtalk_add_data -client project -key registration_id -value "" -context "software_version_and_target_device"
# webtalk_add_data -client project -key tool_flow -value "SDK" -context "software_version_and_target_device"
# webtalk_add_data -client project -key beta -value "false" -context "software_version_and_target_device"
# webtalk_add_data -client project -key route_design -value "NA" -context "software_version_and_target_device"
# webtalk_add_data -client project -key target_family -value "NA" -context "software_version_and_target_device"
# webtalk_add_data -client project -key target_device -value "NA" -context "software_version_and_target_device"
# webtalk_add_data -client project -key target_package -value "NA" -context "software_version_and_target_device"
# webtalk_add_data -client project -key target_speed -value "NA" -context "software_version_and_target_device"
# webtalk_add_data -client project -key random_id -value "coipb1haoeu4moc5122hq5drbr" -context "software_version_and_target_device"
# webtalk_add_data -client project -key project_id -value "2019.1_6" -context "software_version_and_target_device"
# webtalk_add_data -client project -key project_iteration -value "6" -context "software_version_and_target_device"
# webtalk_add_data -client project -key os_name -value "Microsoft Windows 8 or later , 64-bit" -context "user_environment"
# webtalk_add_data -client project -key os_release -value "major release  (build 9200)" -context "user_environment"
# webtalk_add_data -client project -key cpu_name -value "Intel(R) Core(TM) i7-1065G7 CPU @ 1.30GHz" -context "user_environment"
# webtalk_add_data -client project -key cpu_speed -value "1498 MHz" -context "user_environment"
# webtalk_add_data -client project -key total_processors -value "1" -context "user_environment"
# webtalk_add_data -client project -key system_ram -value "16.938 GB" -context "user_environment"
# webtalk_register_client -client sdk
# webtalk_add_data -client sdk -key uid -value "1654488929848" -context "sdk\\\\hardware/1654488929848"
# webtalk_add_data -client sdk -key isZynq -value "false" -context "sdk\\\\hardware/1654488929848"
# webtalk_add_data -client sdk -key isZynqMP -value "false" -context "sdk\\\\hardware/1654488929848"
# webtalk_add_data -client sdk -key Processors -value "1" -context "sdk\\\\hardware/1654488929848"
# webtalk_add_data -client sdk -key VivadoVersion -value "2019.1" -context "sdk\\\\hardware/1654488929848"
# webtalk_add_data -client sdk -key Arch -value "artix7" -context "sdk\\\\hardware/1654488929848"
# webtalk_add_data -client sdk -key Device -value "7a100t" -context "sdk\\\\hardware/1654488929848"
# webtalk_add_data -client sdk -key IsHandoff -value "true" -context "sdk\\\\hardware/1654488929848"
# webtalk_add_data -client sdk -key os -value "NA" -context "sdk\\\\hardware/1654488929848"
# webtalk_add_data -client sdk -key apptemplate -value "NA" -context "sdk\\\\hardware/1654488929848"
# webtalk_add_data -client sdk -key RecordType -value "HWCreation" -context "sdk\\\\hardware/1654488929848"
# webtalk_add_data -client sdk -key uid -value "1654489035639" -context "sdk\\\\bsp/1654489035639"
# webtalk_add_data -client sdk -key hwid -value "1654488929848" -context "sdk\\\\bsp/1654489035639"
# webtalk_add_data -client sdk -key os -value "standalone" -context "sdk\\\\bsp/1654489035639"
# webtalk_add_data -client sdk -key apptemplate -value "hello_world" -context "sdk\\\\bsp/1654489035639"
# webtalk_add_data -client sdk -key RecordType -value "BSPCreation" -context "sdk\\\\bsp/1654489035639"
# webtalk_add_data -client sdk -key uid -value "1654489037321" -context "sdk\\\\application/1654489037321"
# webtalk_add_data -client sdk -key hwid -value "1654488929848" -context "sdk\\\\application/1654489037321"
# webtalk_add_data -client sdk -key bspid -value "1654489035639" -context "sdk\\\\application/1654489037321"
# webtalk_add_data -client sdk -key newbsp -value "true" -context "sdk\\\\application/1654489037321"
# webtalk_add_data -client sdk -key os -value "standalone" -context "sdk\\\\application/1654489037321"
# webtalk_add_data -client sdk -key apptemplate -value "hello_world" -context "sdk\\\\application/1654489037321"
# webtalk_add_data -client sdk -key RecordType -value "APPCreation" -context "sdk\\\\application/1654489037321"
# webtalk_add_data -client sdk -key LangUsed -value "C" -context "sdk\\\\application/1654489037321"
# webtalk_add_data -client sdk -key Procused -value "microblaze" -context "sdk\\\\application/1654489037321"
# webtalk_add_data -client sdk -key projSize -value "89.5859375" -context "sdk\\\\application/1654489037321"
# webtalk_add_data -client sdk -key uid -value "1654489071467" -context "sdk\\\\application/1654489071467"
# webtalk_add_data -client sdk -key hwid -value "1654488929848" -context "sdk\\\\application/1654489071467"
# webtalk_add_data -client sdk -key bspid -value "1654489035639" -context "sdk\\\\application/1654489071467"
# webtalk_add_data -client sdk -key newbsp -value "false" -context "sdk\\\\application/1654489071467"
# webtalk_add_data -client sdk -key os -value "standalone" -context "sdk\\\\application/1654489071467"
# webtalk_add_data -client sdk -key apptemplate -value "empty_application" -context "sdk\\\\application/1654489071467"
# webtalk_add_data -client sdk -key RecordType -value "APPCreation" -context "sdk\\\\application/1654489071467"
# webtalk_add_data -client sdk -key LangUsed -value "C" -context "sdk\\\\application/1654489071467"
# webtalk_add_data -client sdk -key Procused -value "microblaze" -context "sdk\\\\application/1654489071467"
# webtalk_add_data -client sdk -key uid -value "NA" -context "sdk\\\\bsp/1654489721880"
# webtalk_add_data -client sdk -key RecordType -value "ToolUsage" -context "sdk\\\\bsp/1654489721880"
# webtalk_add_data -client sdk -key BootgenCount -value "0" -context "sdk\\\\bsp/1654489721880"
# webtalk_add_data -client sdk -key DebugCount -value "0" -context "sdk\\\\bsp/1654489721880"
# webtalk_add_data -client sdk -key PerfCount -value "0" -context "sdk\\\\bsp/1654489721880"
# webtalk_add_data -client sdk -key FlashCount -value "0" -context "sdk\\\\bsp/1654489721880"
# webtalk_add_data -client sdk -key CrossTriggCount -value "0" -context "sdk\\\\bsp/1654489721880"
# webtalk_add_data -client sdk -key QemuDebugCount -value "0" -context "sdk\\\\bsp/1654489721880"
# webtalk_transmit -clientid 1818019831 -regid "" -xml F:\\snake_1\\snake_1.sdk\\webtalk\\usage_statistics_ext_sdk.xml -html F:\\snake_1\\snake_1.sdk\\webtalk\\usage_statistics_ext_sdk.html -wdm F:\\snake_1\\snake_1.sdk\\webtalk\\sdk_webtalk.wdm -intro "<H3>SDK Usage Report</H3><BR>"
INFO: [Common 17-186] 'F:\snake_1\snake_1.sdk\webtalk\usage_statistics_ext_sdk.xml' has been successfully sent to Xilinx on Mon Jun  6 12:28:47 2022. For additional details about this file, please refer to the WebTalk help file at E:/vivado/SDK/2019.1/doc/webtalk_introduction.html.
# webtalk_terminate
INFO: [Common 17-206] Exiting Webtalk at Mon Jun  6 12:28:47 2022...
