MIG: 17:09:50 : xml_input_file: board.prj
MIG: 17:09:50 : Absolute path of xml_input_file: d:/CPU/snake_1/snake_1.srcs/sources_1/bd/snake/ip/snake_mig_7series_0_0/board.prj
MIG: 17:09:50 : xml_input_file: board.prj
MIG: 17:09:50 : Absolute path of xml_input_file: d:/CPU/snake_1/snake_1.srcs/sources_1/bd/snake/ip/snake_mig_7series_0_0/board.prj
MIG: 17:09:50 : In updateAllModelParams
MIG: 17:09:50 : ################# RUNNING MIG BATCH ###################
MIG: 17:09:50 : Writing IN file for 'snake_mig_7series_0_0'...compDirPath: f:/VIVADO/Vivado/2018.1/data/ip/xilinx/mig_7series_v4_1... instDirPath: d:/CPU/snake_1/snake_1.srcs/sources_1/bd/snake/ip/snake_mig_7series_0_0
MIG: 17:09:50 : synp_flow:  -- synthesis_mode: Other
MIG: 17:09:50 : outputDirectory: d:/CPU/snake_1/snake_1.srcs/sources_1/bd/snake/ip/snake_mig_7series_0_0/_tmp/
MIG: 17:09:50 : vivado_mode: xpg_bd
MIG: 17:09:50 : isPortInterface: 0
MIG: 17:09:50 : isPortInterface: 0
MIG: 17:09:50 : isPortInterface: 0
MIG: 17:09:50 : isPortInterface: 0
MIG: 17:09:50 : isPortInterface: 0
MIG: 17:09:50 : isPortInterface: 0
MIG: 17:09:50 : isPortInterface: 0
MIG: 17:09:50 : isPortInterface: 0
MIG: 17:09:50 : isPortInterface: 0
MIG: 17:09:50 : isPortInterface: 0
MIG: 17:09:50 : isPortInterface: 0
MIG: 17:09:50 : isPortInterface: 0
MIG: 17:09:50 : isPortInterface: 0
MIG: 17:09:50 : isPortInterface: 0
MIG: 17:09:50 : isPortInterface: 0
MIG: 17:09:50 : isPortInterface: 0
MIG: 17:09:50 : isPortInterface: 0
MIG: 17:09:50 : isPortInterface: 0
MIG: 17:09:51 : isPortInterface: 0
MIG: 17:09:51 : isPortInterface: 0
MIG: 17:09:51 : isPortInterface: 0
MIG: 17:09:51 : isPortInterface: 0
MIG: 17:09:51 : isPortInterface: 0
MIG: 17:09:51 : isPortInterface: 0
MIG: 17:09:51 : isPortInterface: 0
MIG: 17:09:51 : isPortInterface: 0
MIG: 17:09:51 : isPortInterface: 0
MIG: 17:09:51 : isPortInterface: 0
MIG: 17:09:51 : isPortInterface: 0
MIG: 17:09:51 : isPortInterface: 0
MIG: 17:09:51 : isPortInterface: 0
MIG: 17:09:51 : isPortInterface: 0
MIG: 17:09:51 : isPortInterface: 0
MIG: 17:09:51 : isPortInterface: 0
MIG: 17:09:51 : isPortInterface: 0
MIG: 17:09:51 : isPortInterface: 0
MIG: 17:09:51 : isPortInterface: 0
MIG: 17:09:51 : isPortInterface: 0
MIG: 17:09:51 : isPortInterface: 0
MIG: 17:09:51 : isPortInterface: 0
MIG: 17:09:51 : isPortInterface: 0
MIG: 17:09:51 : isPortInterface: 0
MIG: 17:09:51 : isPortInterface: 0
MIG: 17:09:51 : isPortInterface: 0
MIG: 17:09:51 : isPortInterface: 0
MIG: 17:09:51 : isPortInterface: 0
MIG: 17:09:51 : isPortInterface: 0
MIG: 17:09:51 : isPortInterface: 0
MIG: 17:09:51 : isPortInterface: 0
MIG: 17:09:51 : isPortInterface: 0
MIG: 17:09:51 : isPortInterface: 0
MIG: 17:09:51 : isPortInterface: 0
MIG: 17:09:51 : isPortInterface: 0
MIG: 17:09:51 : isPortInterface: 0
MIG: 17:09:51 : isPortInterface: 0
MIG: 17:09:51 : isPortInterface: 0
MIG: 17:09:51 : isPortInterface: 0
MIG: 17:09:51 : isPortInterface: 0
MIG: 17:09:51 : isPortInterface: 0
MIG: 17:09:51 : isPortInterface: 0
MIG: 17:09:51 : isPortInterface: 0
MIG: 17:09:51 : isPortInterface: 0
MIG: 17:09:51 : isPortInterface: 0
MIG: 17:09:51 : isPortInterface: 0
MIG: 17:09:51 : isPortInterface: 0
MIG: 17:09:51 : isPortInterface: 0
MIG: 17:09:51 : isPortInterface: 0
MIG: 17:09:51 : isPortInterface: 0
MIG: 17:09:51 : isPortInterface: 0
MIG: 17:09:51 : isPortInterface: 0
MIG: 17:09:51 : isPortInterface: 0
MIG: 17:09:51 : isPortInterface: 0
MIG: 17:09:51 : isPortInterface: 0
MIG: 17:09:51 : isPortInterface: 0
MIG: 17:09:51 : isPortInterface: 0
MIG: 17:09:51 : isPortInterface: 0
MIG: 17:09:51 : isPortInterface: 0
MIG: 17:09:51 : isPortInterface: 0
MIG: 17:09:51 : isPortInterface: 0
MIG: 17:09:51 : isPortInterface: 0
MIG: 17:09:51 : isPortInterface: 0
MIG: 17:09:51 : isPortInterface: 0
MIG: 17:09:51 : isPortInterface: 0
MIG: 17:09:51 : isPortInterface: 0
MIG: 17:09:51 : isPortInterface: 0
MIG: 17:09:51 : isPortInterface: 0
MIG: 17:09:51 : isPortInterface: 0
MIG: 17:09:51 : isPortInterface: 0
MIG: 17:09:51 : isPortInterface: 0
MIG: 17:09:51 : isPortInterface: 0
MIG: 17:09:51 : isPortInterface: 0
MIG: 17:09:51 : isPortInterface: 0
MIG: 17:09:51 : isPortInterface: 0
MIG: 17:09:51 : isPortInterface: 0
MIG: 17:09:51 : isPortInterface: 0
MIG: 17:09:51 : isPortInterface: 0
MIG: 17:09:51 : isPortInterface: 0
MIG: 17:09:51 : isPortInterface: 0
MIG: 17:09:51 : isPortInterface: 0
MIG: 17:09:51 : isPortInterface: 0
MIG: 17:09:51 : isPortInterface: 0
MIG: 17:09:51 : isPortInterface: 0
MIG: 17:09:51 : isPortInterface: 0
MIG: 17:09:51 : isPortInterface: 0
MIG: 17:09:51 : isPortInterface: 0
MIG: 17:09:51 : isPortInterface: 0
MIG: 17:09:51 : isPortInterface: 0
MIG: 17:09:51 : isPortInterface: 0
MIG: 17:09:51 : isPortInterface: 0
MIG: 17:09:51 : isPortInterface: 0
MIG: 17:09:51 : isPortInterface: 0
MIG: 17:09:51 : isPortInterface: 0
MIG: 17:09:51 : isPortInterface: 0
MIG: 17:09:51 : isPortInterface: 0
MIG: 17:09:51 : isPortInterface: 0
MIG: 17:09:51 : isPortInterface: 0
MIG: 17:09:51 : isPortInterface: 0
MIG: 17:09:51 : isPortInterface: 1
MIG: 17:09:51 : isPortInterface: 0
MIG: 17:09:51 : isPortInterface: 0
MIG: 17:09:51 : isPortInterface: 0
MIG: 17:09:51 : isPortInterface: 0
MIG: 17:09:51 : isPortInterface: 0
MIG: 17:09:51 : isPortInterface: 0
MIG: 17:09:51 : isPortInterface: 0
MIG: 17:09:51 : isPortInterface: 0
MIG: 17:09:51 : isPortInterface: 0
MIG: 17:09:51 : isPortInterface: 0
MIG: 17:09:51 :  locked false  
MIG: 17:09:51 : HDL Language: Verilog
MIG: 17:09:51 : compInfo: true
MIG: 17:09:51 : Vivado Options xc7a100t csg324 -1
MIG: 17:09:51 : 1: xc7a100t 2: csg324 3: -1
MIG: 17:09:51 : relative mig path: coregen/ip/xilinx/other/com/xilinx/ip/mig_7series_v4_1/bin/nt64/mig.exe
MIG: 17:09:51 : xilinx_path: F:/VIVADO/Vivado/2018.1/ids_lite/ISE
MIG: 17:09:51 : I am in catch area
MIG: 17:09:51 : Running F:/VIVADO/Vivado/2018.1/ids_lite/ISE/coregen/ip/xilinx/other/com/xilinx/ip/mig_7series_v4_1/bin/nt64/mig.exe -cg_exc_inp d:/CPU/snake_1/snake_1.srcs/sources_1/bd/snake/ip/snake_mig_7series_0_0/xil_txt.in -cg_exc_out d:/CPU/snake_1/snake_1.srcs/sources_1/bd/snake/ip/snake_mig_7series_0_0/xil_txt.out ... 
MIG: 17:10:03 : XML_INPUT_FILE: d:/CPU/snake_1/snake_1.srcs/sources_1/bd/snake/ip/snake_mig_7series_0_0/board.prj
MIG: 17:10:03 : Component_Name: snake_mig_7series_0_0
MIG: 17:10:03 : Moving snake_mig_7series_0_0 ...
MIG: 17:10:03 : Moving snake_mig_7series_0_0.veo ...
MIG: 17:10:03 : Moving snake_mig_7series_0_0_xmdf.tcl ...
MIG: 17:10:03 : XGUI hdlLanguage: Verilog
MIG: 17:10:03 : xgui vivado_mode: xpg_bd
MIG: 17:10:03 : xgui hdlLanguage: Verilog -- hdlExt: v
MIG: 17:10:03 : Reading D:/CPU/snake_1/snake_1.srcs/sources_1/bd/snake/ip/snake_mig_7series_0_0/snake_mig_7series_0_0/user_design/rtl/snake_mig_7series_0_0_mig.v ...
MIG: 17:10:04 : 1
MIG: 17:10:04 : Inside fn mem: DDR2
MIG: 17:10:04 : detect_uiclk: 81247969
MIG: 17:10:04 : cntrl:  memtype: DDR2
MIG: 17:10:04 : 1200
MIG: 17:10:04 :  MMCM_VCO single ctrl param_name: MMCM_VCO --  possibleMaxVcoVal: 1200 
MIG: 17:10:04 : DDR2
MIG: 17:10:04 : 1
MIG: 17:10:04 : 81247969
MIG: 17:10:04 : 
MIG: 17:10:04 :  polarity_value: 1
MIG: 17:10:04 : 
MIG: 17:10:04 : 
MIG: 17:10:04 : cntrl:  memtype: DDR2
MIG: 17:10:04 : Prasad ----: isMMCMExtraClkParam:: MMCM_CLKOUT0_EN --- "TRUE"
MIG: 17:10:04 : TRUE
MIG: 17:10:04 :  MMCM Enable Param: MMCM_CLKOUT0_EN ==> TRUE
MIG: 17:10:04 : Prasad ----: isMMCMExtraClkParam:: MMCM_CLKOUT1_EN --- "FALSE"
MIG: 17:10:04 : 
MIG: 17:10:04 :  MMCM Enable Param: MMCM_CLKOUT1_EN ==> FALSE
MIG: 17:10:04 : Prasad ----: isMMCMExtraClkParam:: MMCM_CLKOUT2_EN --- "FALSE"
MIG: 17:10:04 : 
MIG: 17:10:04 :  MMCM Enable Param: MMCM_CLKOUT2_EN ==> FALSE
MIG: 17:10:04 : Prasad ----: isMMCMExtraClkParam:: MMCM_CLKOUT3_EN --- "FALSE"
MIG: 17:10:04 : 
MIG: 17:10:04 :  MMCM Enable Param: MMCM_CLKOUT3_EN ==> FALSE
MIG: 17:10:04 : Prasad ----: isMMCMExtraClkParam:: MMCM_CLKOUT4_EN --- "FALSE"
MIG: 17:10:04 : 
MIG: 17:10:04 :  MMCM Enable Param: MMCM_CLKOUT4_EN ==> FALSE
MIG: 17:10:04 : Prasad ----: isMMCMExtraClkParam:: MMCM_CLKOUT0_DIVIDE --- 12.000
MIG: 17:10:04 : possibleMaxVcoVal:: 1200 ---- paramName: MMCM_CLKOUT0_DIVIDE
MIG: 17:10:04 : 100000000
MIG: 17:10:04 :  MMCM Extra Param: MMCM_CLKOUT0_FREQ ==> 100000000
MIG: 17:10:04 : Prasad ----: isMMCMExtraClkParam:: MMCM_CLKOUT1_DIVIDE --- 1
MIG: 17:10:04 : possibleMaxVcoVal:: 1200 ---- paramName: MMCM_CLKOUT1_DIVIDE
MIG: 17:10:04 : 1200000000
MIG: 17:10:04 :  MMCM Extra Param: MMCM_CLKOUT1_FREQ ==> 1200000000
MIG: 17:10:04 : Prasad ----: isMMCMExtraClkParam:: MMCM_CLKOUT2_DIVIDE --- 1
MIG: 17:10:04 : possibleMaxVcoVal:: 1200 ---- paramName: MMCM_CLKOUT2_DIVIDE
MIG: 17:10:04 : 1200000000
MIG: 17:10:04 :  MMCM Extra Param: MMCM_CLKOUT2_FREQ ==> 1200000000
MIG: 17:10:04 : Prasad ----: isMMCMExtraClkParam:: MMCM_CLKOUT3_DIVIDE --- 1
MIG: 17:10:04 : possibleMaxVcoVal:: 1200 ---- paramName: MMCM_CLKOUT3_DIVIDE
MIG: 17:10:04 : 1200000000
MIG: 17:10:04 :  MMCM Extra Param: MMCM_CLKOUT3_FREQ ==> 1200000000
MIG: 17:10:04 : Prasad ----: isMMCMExtraClkParam:: MMCM_CLKOUT4_DIVIDE --- 1
MIG: 17:10:04 : possibleMaxVcoVal:: 1200 ---- paramName: MMCM_CLKOUT4_DIVIDE
MIG: 17:10:04 : 1200000000
MIG: 17:10:04 :  MMCM Extra Param: MMCM_CLKOUT4_FREQ ==> 1200000000
MIG: 17:10:04 :  Invalid Param: DDR2_RST_ACT_LOW ==> 1
MIG: 17:10:04 : 
MIG: 17:10:04 :  Valid Param: DDR2_BANK_WIDTH ==> 3
MIG: 17:10:04 : 
MIG: 17:10:04 :  Valid Param: DDR2_CK_WIDTH ==> 1
MIG: 17:10:04 :  Invalid Param: DDR2_COL_WIDTH ==> 10
MIG: 17:10:04 : 
MIG: 17:10:04 :  Valid Param: DDR2_CS_WIDTH ==> 1
MIG: 17:10:04 : 
MIG: 17:10:04 :  Valid Param: DDR2_nCS_PER_RANK ==> 1
MIG: 17:10:04 : 
MIG: 17:10:04 :  Valid Param: DDR2_CKE_WIDTH ==> 1
MIG: 17:10:04 :  Invalid Param: DDR2_DATA_BUF_ADDR_WIDTH ==> 5
MIG: 17:10:04 :  Invalid Param: DDR2_DQ_CNT_WIDTH ==> 4
MIG: 17:10:04 :  Invalid Param: DDR2_DQ_PER_DM ==> 8
MIG: 17:10:04 : 2
MIG: 17:10:04 :  Valid Param: DDR2_DM_WIDTH ==> 2
MIG: 17:10:04 : 16
MIG: 17:10:04 :  Valid Param: DDR2_DQ_WIDTH ==> 16
MIG: 17:10:04 : 2
MIG: 17:10:04 :  Valid Param: DDR2_DQS_WIDTH ==> 2
MIG: 17:10:04 : 
MIG: 17:10:04 :  Valid Param: DDR2_DQS_CNT_WIDTH ==> 1
MIG: 17:10:04 :  Invalid Param: DDR2_DRAM_WIDTH ==> 8
MIG: 17:10:04 : 
MIG: 17:10:04 :  Valid Param: ECC ==> OFF
MIG: 17:10:04 : 16
MIG: 17:10:04 :  Valid Param: DDR2_DATA_WIDTH ==> 16
MIG: 17:10:04 :  Invalid Param: ECC_TEST ==> "OFF"
MIG: 17:10:04 :  Invalid Param: DDR2_PAYLOAD_WIDTH ==> (ECC_TEST == "OFF") ? DATA_WIDTH : DQ_WIDTH
MIG: 17:10:04 :  Invalid Param: DDR2_MEM_ADDR_ORDER ==> "BANK_ROW_COLUMN"
MIG: 17:10:04 :  Invalid Param: DDR2_nBANK_MACHS ==> 4
MIG: 17:10:04 :  Invalid Param: DDR2_RANKS ==> 1
MIG: 17:10:04 : 
MIG: 17:10:04 :  Valid Param: DDR2_ODT_WIDTH ==> 1
MIG: 17:10:04 : 13
MIG: 17:10:04 :  Valid Param: DDR2_ROW_WIDTH ==> 13
MIG: 17:10:04 : 27
MIG: 17:10:04 :  Valid Param: DDR2_ADDR_WIDTH ==> 27
MIG: 17:10:04 : 
MIG: 17:10:04 :  Valid Param: DDR2_USE_CS_PORT ==> 1
MIG: 17:10:04 : 
MIG: 17:10:04 :  Valid Param: DDR2_USE_DM_PORT ==> 1
MIG: 17:10:04 : 
MIG: 17:10:04 :  Valid Param: DDR2_USE_ODT_PORT ==> 1
MIG: 17:10:04 :  Invalid Param: DDR2_PHY_CONTROL_MASTER_BANK ==> 0
MIG: 17:10:04 :  Invalid Param: DDR2_MEM_DENSITY ==> "1Gb"
MIG: 17:10:04 :  Invalid Param: DDR2_MEM_SPEEDGRADE ==> "25E"
MIG: 17:10:04 :  Invalid Param: DDR2_MEM_DEVICE_WIDTH ==> 16
MIG: 17:10:04 :  Invalid Param: DDR2_AL ==> "0"
MIG: 17:10:04 :  Invalid Param: DDR2_nAL ==> 0
MIG: 17:10:04 :  Invalid Param: DDR2_BURST_MODE ==> "8"
MIG: 17:10:04 :  Invalid Param: DDR2_BURST_TYPE ==> "SEQ"
MIG: 17:10:04 :  Invalid Param: DDR2_CL ==> 5
MIG: 17:10:04 :  Invalid Param: DDR2_OUTPUT_DRV ==> "HIGH"
MIG: 17:10:04 :  Invalid Param: DDR2_RTT_NOM ==> "50"
MIG: 17:10:04 :  Invalid Param: DDR2_ADDR_CMD_MODE ==> "1T"
MIG: 17:10:04 : 
MIG: 17:10:04 :  Valid Param: DDR2_REG_CTRL ==> OFF
MIG: 17:10:04 :  Invalid Param: DDR2_CLKIN_PERIOD ==> 5000
MIG: 17:10:04 :  Invalid Param: DDR2_CLKFBOUT_MULT ==> 13
MIG: 17:10:04 :  Invalid Param: DDR2_DIVCLK_DIVIDE ==> 2
MIG: 17:10:04 :  Invalid Param: DDR2_CLKOUT0_PHASE ==> 0.0
MIG: 17:10:04 :  Invalid Param: DDR2_CLKOUT0_DIVIDE ==> 2
MIG: 17:10:04 :  Invalid Param: DDR2_CLKOUT1_DIVIDE ==> 4
MIG: 17:10:04 :  Invalid Param: DDR2_CLKOUT2_DIVIDE ==> 64
MIG: 17:10:04 :  Invalid Param: DDR2_CLKOUT3_DIVIDE ==> 16
MIG: 17:10:04 :  Invalid Param: DDR2_MMCM_VCO ==> 1200
MIG: 17:10:04 :  Invalid Param: DDR2_MMCM_MULT_F ==> 14
MIG: 17:10:04 :  Invalid Param: DDR2_MMCM_DIVCLK_DIVIDE ==> 1
MIG: 17:10:04 :  Invalid Param: DDR2_MMCM_CLKOUT0_EN ==> "TRUE"
MIG: 17:10:04 :  Invalid Param: DDR2_MMCM_CLKOUT1_EN ==> "FALSE"
MIG: 17:10:04 :  Invalid Param: DDR2_MMCM_CLKOUT2_EN ==> "FALSE"
MIG: 17:10:04 :  Invalid Param: DDR2_MMCM_CLKOUT3_EN ==> "FALSE"
MIG: 17:10:04 :  Invalid Param: DDR2_MMCM_CLKOUT4_EN ==> "FALSE"
MIG: 17:10:04 :  Invalid Param: DDR2_MMCM_CLKOUT0_DIVIDE ==> 12.000
MIG: 17:10:04 :  Invalid Param: DDR2_MMCM_CLKOUT1_DIVIDE ==> 1
MIG: 17:10:04 :  Invalid Param: DDR2_MMCM_CLKOUT2_DIVIDE ==> 1
MIG: 17:10:04 :  Invalid Param: DDR2_MMCM_CLKOUT3_DIVIDE ==> 1
MIG: 17:10:04 :  Invalid Param: DDR2_MMCM_CLKOUT4_DIVIDE ==> 1
MIG: 17:10:04 :  Invalid Param: DDR2_tCKE ==> 7500
MIG: 17:10:04 :  Invalid Param: DDR2_tFAW ==> 45000
MIG: 17:10:04 :  Invalid Param: DDR2_tPRDI ==> 1_000_000
MIG: 17:10:04 :  Invalid Param: DDR2_tRAS ==> 40000
MIG: 17:10:04 :  Invalid Param: DDR2_tRCD ==> 15000
MIG: 17:10:04 :  Invalid Param: DDR2_tREFI ==> 7800000
MIG: 17:10:04 :  Invalid Param: DDR2_tRFC ==> 127500
MIG: 17:10:04 :  Invalid Param: DDR2_tRP ==> 12500
MIG: 17:10:04 :  Invalid Param: DDR2_tRRD ==> 10000
MIG: 17:10:04 :  Invalid Param: DDR2_tRTP ==> 7500
MIG: 17:10:04 :  Invalid Param: DDR2_tWTR ==> 7500
MIG: 17:10:04 :  Invalid Param: DDR2_tZQI ==> 128_000_000
MIG: 17:10:04 :  Invalid Param: DDR2_tZQCS ==> 64
MIG: 17:10:04 :  Invalid Param: DDR2_SIM_BYPASS_INIT_CAL ==> "OFF"
MIG: 17:10:04 :  Invalid Param: DDR2_SIMULATION ==> "FALSE"
MIG: 17:10:04 :  Invalid Param: DDR2_BYTE_LANES_B0 ==> 4'b1111
MIG: 17:10:04 :  Invalid Param: DDR2_BYTE_LANES_B1 ==> 4'b0000
MIG: 17:10:04 :  Invalid Param: DDR2_BYTE_LANES_B2 ==> 4'b0000
MIG: 17:10:04 :  Invalid Param: DDR2_BYTE_LANES_B3 ==> 4'b0000
MIG: 17:10:04 :  Invalid Param: DDR2_BYTE_LANES_B4 ==> 4'b0000
MIG: 17:10:04 :  Invalid Param: DDR2_DATA_CTL_B0 ==> 4'b0101
MIG: 17:10:04 :  Invalid Param: DDR2_DATA_CTL_B1 ==> 4'b0000
MIG: 17:10:04 :  Invalid Param: DDR2_DATA_CTL_B2 ==> 4'b0000
MIG: 17:10:04 :  Invalid Param: DDR2_DATA_CTL_B3 ==> 4'b0000
MIG: 17:10:04 :  Invalid Param: DDR2_DATA_CTL_B4 ==> 4'b0000
MIG: 17:10:04 :  Invalid Param: DDR2_PHY_0_BITLANES ==> 48'hFFC_3F7_FFF_3FE
MIG: 17:10:04 :  Invalid Param: DDR2_PHY_1_BITLANES ==> 48'h000_000_000_000
MIG: 17:10:04 :  Invalid Param: DDR2_PHY_2_BITLANES ==> 48'h000_000_000_000
MIG: 17:10:04 :  Invalid Param: DDR2_CK_BYTE_MAP ==> 144'h00_00_00_00_00_00_00_00_00_00_00_00_00_00_00_00_00_03
MIG: 17:10:04 :  Invalid Param: DDR2_ADDR_MAP ==> 192'h000_000_000_010_033_01A_019_032_03A_034_018_036_012_011_017_015
MIG: 17:10:04 :  Invalid Param: DDR2_BANK_MAP ==> 36'h013_016_01B
MIG: 17:10:04 :  Invalid Param: DDR2_CAS_MAP ==> 12'h039
MIG: 17:10:04 :  Invalid Param: DDR2_CKE_ODT_BYTE_MAP ==> 8'h00
MIG: 17:10:04 :  Invalid Param: DDR2_CKE_MAP ==> 96'h000_000_000_000_000_000_000_038
MIG: 17:10:04 :  Invalid Param: DDR2_ODT_MAP ==> 96'h000_000_000_000_000_000_000_035
MIG: 17:10:04 :  Invalid Param: DDR2_CS_MAP ==> 120'h000_000_000_000_000_000_000_000_000_037
MIG: 17:10:04 :  Invalid Param: DDR2_PARITY_MAP ==> 12'h000
MIG: 17:10:04 :  Invalid Param: DDR2_RAS_MAP ==> 12'h014
MIG: 17:10:04 :  Invalid Param: DDR2_WE_MAP ==> 12'h03B
MIG: 17:10:04 :  Invalid Param: DDR2_DQS_BYTE_MAP ==> 144'h00_00_00_00_00_00_00_00_00_00_00_00_00_00_00_00_02_00
MIG: 17:10:04 :  Invalid Param: DDR2_DATA0_MAP ==> 96'h008_004_009_007_005_001_006_003
MIG: 17:10:04 :  Invalid Param: DDR2_DATA1_MAP ==> 96'h022_028_020_024_027_025_026_021
MIG: 17:10:04 :  Invalid Param: DDR2_DATA2_MAP ==> 96'h000_000_000_000_000_000_000_000
MIG: 17:10:05 :  Invalid Param: DDR2_DATA3_MAP ==> 96'h000_000_000_000_000_000_000_000
MIG: 17:10:05 :  Invalid Param: DDR2_DATA4_MAP ==> 96'h000_000_000_000_000_000_000_000
MIG: 17:10:05 :  Invalid Param: DDR2_DATA5_MAP ==> 96'h000_000_000_000_000_000_000_000
MIG: 17:10:05 :  Invalid Param: DDR2_DATA6_MAP ==> 96'h000_000_000_000_000_000_000_000
MIG: 17:10:05 :  Invalid Param: DDR2_DATA7_MAP ==> 96'h000_000_000_000_000_000_000_000
MIG: 17:10:05 :  Invalid Param: DDR2_DATA8_MAP ==> 96'h000_000_000_000_000_000_000_000
MIG: 17:10:05 :  Invalid Param: DDR2_DATA9_MAP ==> 96'h000_000_000_000_000_000_000_000
MIG: 17:10:05 :  Invalid Param: DDR2_DATA10_MAP ==> 96'h000_000_000_000_000_000_000_000
MIG: 17:10:05 :  Invalid Param: DDR2_DATA11_MAP ==> 96'h000_000_000_000_000_000_000_000
MIG: 17:10:05 :  Invalid Param: DDR2_DATA12_MAP ==> 96'h000_000_000_000_000_000_000_000
MIG: 17:10:05 :  Invalid Param: DDR2_DATA13_MAP ==> 96'h000_000_000_000_000_000_000_000
MIG: 17:10:05 :  Invalid Param: DDR2_DATA14_MAP ==> 96'h000_000_000_000_000_000_000_000
MIG: 17:10:05 :  Invalid Param: DDR2_DATA15_MAP ==> 96'h000_000_000_000_000_000_000_000
MIG: 17:10:05 :  Invalid Param: DDR2_DATA16_MAP ==> 96'h000_000_000_000_000_000_000_000
MIG: 17:10:05 :  Invalid Param: DDR2_DATA17_MAP ==> 96'h000_000_000_000_000_000_000_000
MIG: 17:10:05 :  Invalid Param: DDR2_MASK0_MAP ==> 108'h000_000_000_000_000_000_000_029_002
MIG: 17:10:05 :  Invalid Param: DDR2_MASK1_MAP ==> 108'h000_000_000_000_000_000_000_000_000
MIG: 17:10:05 :  Invalid Param: DDR2_SLOT_0_CONFIG ==> 8'b0000_0001
MIG: 17:10:05 :  Invalid Param: DDR2_SLOT_1_CONFIG ==> 8'b0000_0000
MIG: 17:10:05 :  Invalid Param: DDR2_IBUF_LPWR_MODE ==> "OFF"
MIG: 17:10:05 :  Invalid Param: DDR2_DATA_IO_IDLE_PWRDWN ==> "ON"
MIG: 17:10:05 :  Invalid Param: DDR2_BANK_TYPE ==> "HR_IO"
MIG: 17:10:05 :  Invalid Param: DDR2_DATA_IO_PRIM_TYPE ==> "HR_LP"
MIG: 17:10:05 :  Invalid Param: DDR2_CKE_ODT_AUX ==> "FALSE"
MIG: 17:10:05 :  Invalid Param: DDR2_USER_REFRESH ==> "OFF"
MIG: 17:10:05 :  Invalid Param: DDR2_WRLVL ==> "OFF"
MIG: 17:10:05 :  Invalid Param: DDR2_ORDERING ==> "NORM"
MIG: 17:10:05 :  Invalid Param: DDR2_CALIB_ROW_ADD ==> 16'h0000
MIG: 17:10:05 :  Invalid Param: DDR2_CALIB_COL_ADD ==> 12'h000
MIG: 17:10:05 :  Invalid Param: DDR2_CALIB_BA_ADD ==> 3'h0
MIG: 17:10:05 :  Invalid Param: DDR2_TCQ ==> 100
MIG: 17:10:05 :  Invalid Param: DDR2_IODELAY_GRP0 ==> "SNAKE_MIG_7SERIES_0_0_IODELAY_MIG0"
MIG: 17:10:05 :  Invalid Param: DDR2_SYSCLK_TYPE ==> "NO_BUFFER"
MIG: 17:10:05 :  Invalid Param: DDR2_REFCLK_TYPE ==> "USE_SYSTEM_CLOCK"
MIG: 17:10:05 :  Invalid Param: DDR2_SYS_RST_PORT ==> "FALSE"
MIG: 17:10:05 :  Invalid Param: DDR2_CMD_PIPE_PLUS1 ==> "ON"
MIG: 17:10:05 :  Invalid Param: DDR2_DRAM_TYPE ==> "DDR2"
MIG: 17:10:05 :  Invalid Param: DDR2_CAL_WIDTH ==> "HALF"
MIG: 17:10:05 :  Invalid Param: DDR2_STARVE_LIMIT ==> 2
MIG: 17:10:05 :  Invalid Param: DDR2_REFCLK_FREQ ==> 200.0
MIG: 17:10:05 :  Invalid Param: DDR2_DIFF_TERM_REFCLK ==> "TRUE"
MIG: 17:10:05 :  Invalid Param: DDR2_tCK ==> 3077
MIG: 17:10:05 : 4
MIG: 17:10:05 :  Valid Param: DDR2_nCK_PER_CLK ==> 4
MIG: 17:10:05 :  Invalid Param: DDR2_DIFF_TERM_SYSCLK ==> "TRUE"
MIG: 17:10:05 : TRUE
MIG: 17:10:05 :  Valid Param: UI_EXTRA_CLOCKS ==> TRUE
MIG: 17:10:05 : 1
MIG: 17:10:05 :  Valid Param: C_S_AXI_ID_WIDTH ==> 1
MIG: 17:10:05 : 134217728
MIG: 17:10:05 :  Valid Param: C_S_AXI_MEM_SIZE ==> 134217728
MIG: 17:10:05 : 
MIG: 17:10:05 :  Valid Param: C_S_AXI_ADDR_WIDTH ==> 32
MIG: 17:10:05 : 64
MIG: 17:10:05 :  Valid Param: C_S_AXI_DATA_WIDTH ==> 64
MIG: 17:10:05 :  Invalid Param: DDR2_C_MC_nCK_PER_CLK ==> 4
MIG: 17:10:05 :  Invalid Param: C_S_AXI_SUPPORTS_NARROW_BURST ==> 0
MIG: 17:10:05 :  Invalid Param: DDR2_C_RD_WR_ARB_ALGORITHM ==> "RD_PRI_REG"
MIG: 17:10:05 :  Invalid Param: C_S_AXI_REG_EN0 ==> 20'h00000
MIG: 17:10:05 :  Invalid Param: C_S_AXI_REG_EN1 ==> 20'h00000
MIG: 17:10:05 : 
MIG: 17:10:05 :  Valid Param: C_S_AXI_CTRL_ADDR_WIDTH ==> 32
MIG: 17:10:05 : 
MIG: 17:10:05 :  Valid Param: C_S_AXI_CTRL_DATA_WIDTH ==> 32
MIG: 17:10:05 :  Invalid Param: C_S_AXI_BASEADDR ==> 32'h0000_0000
MIG: 17:10:05 :  Invalid Param: C_ECC_ONOFF_RESET_VALUE ==> 1
MIG: 17:10:05 :  Invalid Param: C_ECC_CE_COUNTER_WIDTH ==> 8
MIG: 17:10:05 : 
MIG: 17:10:05 :  Valid Param: DDR2_DEBUG_PORT ==> OFF
MIG: 17:10:05 : 
MIG: 17:10:05 :  Invalid Param: DDR2_TEMP_MON_CONTROL ==> "INTERNAL"
MIG: 17:10:05 : NOBUF
MIG: 17:10:05 : NONE
MIG: 17:10:05 : 
MIG: 17:10:05 : Same Interface
MIG: 17:10:05 : xml_input_file: board.prj
MIG: 17:10:05 : Absolute path of xml_input_file: d:/CPU/snake_1/snake_1.srcs/sources_1/bd/snake/ip/snake_mig_7series_0_0/board.prj
MIG: 17:10:05 : In updateAllModelParams
MIG: 17:10:05 : IGN:     <ModuleName>design_1_mig_7series_0_2</ModuleName> <==>     <ModuleName>snake_mig_7series_0_0</ModuleName> 
MIG: 17:10:05 : ERR:     <Version>2.2</Version> <==>     <Version>4.1</Version> 
MIG: 17:10:05 : ################# RUNNING MIG BATCH ###################
MIG: 17:10:05 : Writing IN file for 'snake_mig_7series_0_0'...compDirPath: f:/VIVADO/Vivado/2018.1/data/ip/xilinx/mig_7series_v4_1... instDirPath: d:/CPU/snake_1/snake_1.srcs/sources_1/bd/snake/ip/snake_mig_7series_0_0
MIG: 17:10:05 : synp_flow:  -- synthesis_mode: Other
MIG: 17:10:05 : outputDirectory: d:/CPU/snake_1/snake_1.srcs/sources_1/bd/snake/ip/snake_mig_7series_0_0/_tmp/
MIG: 17:10:05 : vivado_mode: xpg_bd
MIG: 17:10:05 : isPortInterface: 0
MIG: 17:10:05 : isPortInterface: 0
MIG: 17:10:05 : isPortInterface: 0
MIG: 17:10:05 : isPortInterface: 0
MIG: 17:10:05 : isPortInterface: 0
MIG: 17:10:05 : isPortInterface: 0
MIG: 17:10:05 : isPortInterface: 0
MIG: 17:10:05 : isPortInterface: 0
MIG: 17:10:05 : isPortInterface: 0
MIG: 17:10:05 : isPortInterface: 0
MIG: 17:10:05 : isPortInterface: 0
MIG: 17:10:05 : isPortInterface: 0
MIG: 17:10:05 : isPortInterface: 0
MIG: 17:10:05 : isPortInterface: 0
MIG: 17:10:05 : isPortInterface: 0
MIG: 17:10:05 : isPortInterface: 0
MIG: 17:10:05 : isPortInterface: 0
MIG: 17:10:05 : isPortInterface: 0
MIG: 17:10:05 : isPortInterface: 0
MIG: 17:10:05 : isPortInterface: 0
MIG: 17:10:05 : isPortInterface: 0
MIG: 17:10:05 : isPortInterface: 0
MIG: 17:10:05 : isPortInterface: 0
MIG: 17:10:05 : isPortInterface: 0
MIG: 17:10:05 : isPortInterface: 0
MIG: 17:10:05 : isPortInterface: 0
MIG: 17:10:05 : isPortInterface: 0
MIG: 17:10:05 : isPortInterface: 0
MIG: 17:10:05 : isPortInterface: 0
MIG: 17:10:05 : isPortInterface: 0
MIG: 17:10:05 : isPortInterface: 0
MIG: 17:10:05 : isPortInterface: 0
MIG: 17:10:05 : isPortInterface: 0
MIG: 17:10:05 : isPortInterface: 0
MIG: 17:10:05 : isPortInterface: 0
MIG: 17:10:05 : isPortInterface: 0
MIG: 17:10:05 : isPortInterface: 0
MIG: 17:10:05 : isPortInterface: 0
MIG: 17:10:05 : isPortInterface: 0
MIG: 17:10:05 : isPortInterface: 0
MIG: 17:10:05 : isPortInterface: 0
MIG: 17:10:05 : isPortInterface: 0
MIG: 17:10:05 : isPortInterface: 0
MIG: 17:10:05 : isPortInterface: 0
MIG: 17:10:05 : isPortInterface: 0
MIG: 17:10:05 : isPortInterface: 0
MIG: 17:10:05 : isPortInterface: 0
MIG: 17:10:05 : isPortInterface: 0
MIG: 17:10:05 : isPortInterface: 0
MIG: 17:10:05 : isPortInterface: 0
MIG: 17:10:05 : isPortInterface: 0
MIG: 17:10:05 : isPortInterface: 0
MIG: 17:10:05 : isPortInterface: 0
MIG: 17:10:05 : isPortInterface: 0
MIG: 17:10:05 : isPortInterface: 0
MIG: 17:10:05 : isPortInterface: 0
MIG: 17:10:05 : isPortInterface: 0
MIG: 17:10:05 : isPortInterface: 0
MIG: 17:10:05 : isPortInterface: 0
MIG: 17:10:05 : isPortInterface: 0
MIG: 17:10:05 : isPortInterface: 0
MIG: 17:10:05 : isPortInterface: 0
MIG: 17:10:05 : isPortInterface: 0
MIG: 17:10:05 : isPortInterface: 0
MIG: 17:10:05 : isPortInterface: 0
MIG: 17:10:05 : isPortInterface: 0
MIG: 17:10:05 : isPortInterface: 0
MIG: 17:10:05 : isPortInterface: 0
MIG: 17:10:05 : isPortInterface: 0
MIG: 17:10:05 : isPortInterface: 0
MIG: 17:10:05 : isPortInterface: 0
MIG: 17:10:05 : isPortInterface: 0
MIG: 17:10:05 : isPortInterface: 0
MIG: 17:10:05 : isPortInterface: 0
MIG: 17:10:05 : isPortInterface: 0
MIG: 17:10:05 : isPortInterface: 0
MIG: 17:10:05 : isPortInterface: 0
MIG: 17:10:05 : isPortInterface: 0
MIG: 17:10:05 : isPortInterface: 0
MIG: 17:10:05 : isPortInterface: 0
MIG: 17:10:05 : isPortInterface: 0
MIG: 17:10:05 : isPortInterface: 0
MIG: 17:10:05 : isPortInterface: 0
MIG: 17:10:05 : isPortInterface: 0
MIG: 17:10:05 : isPortInterface: 0
MIG: 17:10:05 : isPortInterface: 0
MIG: 17:10:05 : isPortInterface: 0
MIG: 17:10:05 : isPortInterface: 0
MIG: 17:10:05 : isPortInterface: 0
MIG: 17:10:05 : isPortInterface: 0
MIG: 17:10:05 : isPortInterface: 0
MIG: 17:10:05 : isPortInterface: 0
MIG: 17:10:05 : isPortInterface: 0
MIG: 17:10:05 : isPortInterface: 0
MIG: 17:10:05 : isPortInterface: 0
MIG: 17:10:05 : isPortInterface: 0
MIG: 17:10:05 : isPortInterface: 0
MIG: 17:10:05 : isPortInterface: 0
MIG: 17:10:05 : isPortInterface: 0
MIG: 17:10:06 : isPortInterface: 0
MIG: 17:10:06 : isPortInterface: 0
MIG: 17:10:06 : isPortInterface: 0
MIG: 17:10:06 : isPortInterface: 0
MIG: 17:10:06 : isPortInterface: 0
MIG: 17:10:06 : isPortInterface: 0
MIG: 17:10:06 : isPortInterface: 0
MIG: 17:10:06 : isPortInterface: 0
MIG: 17:10:06 : isPortInterface: 0
MIG: 17:10:06 : isPortInterface: 0
MIG: 17:10:06 : isPortInterface: 0
MIG: 17:10:06 : isPortInterface: 0
MIG: 17:10:06 : isPortInterface: 0
MIG: 17:10:06 : isPortInterface: 0
MIG: 17:10:06 : isPortInterface: 0
MIG: 17:10:06 : isPortInterface: 0
MIG: 17:10:06 : isPortInterface: 0
MIG: 17:10:06 : isPortInterface: 0
MIG: 17:10:06 : isPortInterface: 1
MIG: 17:10:06 : isPortInterface: 0
MIG: 17:10:06 : isPortInterface: 0
MIG: 17:10:06 : isPortInterface: 0
MIG: 17:10:06 : isPortInterface: 0
MIG: 17:10:06 : isPortInterface: 0
MIG: 17:10:06 : isPortInterface: 0
MIG: 17:10:06 : isPortInterface: 0
MIG: 17:10:06 : isPortInterface: 0
MIG: 17:10:06 : isPortInterface: 0
MIG: 17:10:06 : isPortInterface: 0
MIG: 17:10:06 :  locked false  
MIG: 17:10:06 : HDL Language: Verilog
MIG: 17:10:06 : compInfo: true
MIG: 17:10:06 : Vivado Options xc7a100t csg324 -1
MIG: 17:10:06 : 1: xc7a100t 2: csg324 3: -1
MIG: 17:10:06 : relative mig path: coregen/ip/xilinx/other/com/xilinx/ip/mig_7series_v4_1/bin/nt64/mig.exe
MIG: 17:10:06 : xilinx_path: F:/VIVADO/Vivado/2018.1/ids_lite/ISE
MIG: 17:10:06 : I am in catch area
MIG: 17:10:06 : Running F:/VIVADO/Vivado/2018.1/ids_lite/ISE/coregen/ip/xilinx/other/com/xilinx/ip/mig_7series_v4_1/bin/nt64/mig.exe -cg_exc_inp d:/CPU/snake_1/snake_1.srcs/sources_1/bd/snake/ip/snake_mig_7series_0_0/xil_txt.in -cg_exc_out d:/CPU/snake_1/snake_1.srcs/sources_1/bd/snake/ip/snake_mig_7series_0_0/xil_txt.out ... 
MIG: 17:10:14 : XML_INPUT_FILE: d:/CPU/snake_1/snake_1.srcs/sources_1/bd/snake/ip/snake_mig_7series_0_0/board.prj
MIG: 17:10:14 : Component_Name: snake_mig_7series_0_0
MIG: 17:10:14 : Moving snake_mig_7series_0_0 ...
MIG: 17:10:15 : Moving snake_mig_7series_0_0.veo ...
MIG: 17:10:15 : Moving snake_mig_7series_0_0_xmdf.tcl ...
MIG: 17:10:15 : XGUI hdlLanguage: Verilog
MIG: 17:10:15 : xgui vivado_mode: xpg_bd
MIG: 17:10:15 : xgui hdlLanguage: Verilog -- hdlExt: v
MIG: 17:10:15 : Reading D:/CPU/snake_1/snake_1.srcs/sources_1/bd/snake/ip/snake_mig_7series_0_0/snake_mig_7series_0_0/user_design/rtl/snake_mig_7series_0_0_mig.v ...
MIG: 17:10:16 : 
MIG: 17:10:16 : Inside fn mem: DDR2
MIG: 17:10:16 : detect_uiclk: 81247969
MIG: 17:10:16 : cntrl:  memtype: DDR2
MIG: 17:10:16 : 
MIG: 17:10:16 :  MMCM_VCO single ctrl param_name: MMCM_VCO --  possibleMaxVcoVal: 1200 
MIG: 17:10:16 : 
MIG: 17:10:16 : 
MIG: 17:10:16 : 
MIG: 17:10:16 : 
MIG: 17:10:16 :  polarity_value: 1
MIG: 17:10:16 : 
MIG: 17:10:16 : 
MIG: 17:10:16 : cntrl:  memtype: DDR2
MIG: 17:10:16 : Prasad ----: isMMCMExtraClkParam:: MMCM_CLKOUT0_EN --- "TRUE"
MIG: 17:10:16 : 
MIG: 17:10:16 :  MMCM Enable Param: MMCM_CLKOUT0_EN ==> TRUE
MIG: 17:10:16 : Prasad ----: isMMCMExtraClkParam:: MMCM_CLKOUT1_EN --- "FALSE"
MIG: 17:10:16 : 
MIG: 17:10:16 :  MMCM Enable Param: MMCM_CLKOUT1_EN ==> FALSE
MIG: 17:10:16 : Prasad ----: isMMCMExtraClkParam:: MMCM_CLKOUT2_EN --- "FALSE"
MIG: 17:10:16 : 
MIG: 17:10:16 :  MMCM Enable Param: MMCM_CLKOUT2_EN ==> FALSE
MIG: 17:10:16 : Prasad ----: isMMCMExtraClkParam:: MMCM_CLKOUT3_EN --- "FALSE"
MIG: 17:10:16 : 
MIG: 17:10:16 :  MMCM Enable Param: MMCM_CLKOUT3_EN ==> FALSE
MIG: 17:10:16 : Prasad ----: isMMCMExtraClkParam:: MMCM_CLKOUT4_EN --- "FALSE"
MIG: 17:10:16 : 
MIG: 17:10:16 :  MMCM Enable Param: MMCM_CLKOUT4_EN ==> FALSE
MIG: 17:10:16 : Prasad ----: isMMCMExtraClkParam:: MMCM_CLKOUT0_DIVIDE --- 12.000
MIG: 17:10:16 : possibleMaxVcoVal:: 1200 ---- paramName: MMCM_CLKOUT0_DIVIDE
MIG: 17:10:16 : 
MIG: 17:10:16 :  MMCM Extra Param: MMCM_CLKOUT0_FREQ ==> 100000000
MIG: 17:10:16 : Prasad ----: isMMCMExtraClkParam:: MMCM_CLKOUT1_DIVIDE --- 1
MIG: 17:10:16 : possibleMaxVcoVal:: 1200 ---- paramName: MMCM_CLKOUT1_DIVIDE
MIG: 17:10:16 : 
MIG: 17:10:16 :  MMCM Extra Param: MMCM_CLKOUT1_FREQ ==> 1200000000
MIG: 17:10:16 : Prasad ----: isMMCMExtraClkParam:: MMCM_CLKOUT2_DIVIDE --- 1
MIG: 17:10:16 : possibleMaxVcoVal:: 1200 ---- paramName: MMCM_CLKOUT2_DIVIDE
MIG: 17:10:16 : 
MIG: 17:10:16 :  MMCM Extra Param: MMCM_CLKOUT2_FREQ ==> 1200000000
MIG: 17:10:16 : Prasad ----: isMMCMExtraClkParam:: MMCM_CLKOUT3_DIVIDE --- 1
MIG: 17:10:16 : possibleMaxVcoVal:: 1200 ---- paramName: MMCM_CLKOUT3_DIVIDE
MIG: 17:10:16 : 
MIG: 17:10:16 :  MMCM Extra Param: MMCM_CLKOUT3_FREQ ==> 1200000000
MIG: 17:10:16 : Prasad ----: isMMCMExtraClkParam:: MMCM_CLKOUT4_DIVIDE --- 1
MIG: 17:10:16 : possibleMaxVcoVal:: 1200 ---- paramName: MMCM_CLKOUT4_DIVIDE
MIG: 17:10:16 : 
MIG: 17:10:16 :  MMCM Extra Param: MMCM_CLKOUT4_FREQ ==> 1200000000
MIG: 17:10:16 :  Invalid Param: DDR2_RST_ACT_LOW ==> 1
MIG: 17:10:16 : 
MIG: 17:10:16 :  Valid Param: DDR2_BANK_WIDTH ==> 3
MIG: 17:10:16 : 
MIG: 17:10:16 :  Valid Param: DDR2_CK_WIDTH ==> 1
MIG: 17:10:16 :  Invalid Param: DDR2_COL_WIDTH ==> 10
MIG: 17:10:16 : 
MIG: 17:10:16 :  Valid Param: DDR2_CS_WIDTH ==> 1
MIG: 17:10:16 : 
MIG: 17:10:16 :  Valid Param: DDR2_nCS_PER_RANK ==> 1
MIG: 17:10:16 : 
MIG: 17:10:16 :  Valid Param: DDR2_CKE_WIDTH ==> 1
MIG: 17:10:16 :  Invalid Param: DDR2_DATA_BUF_ADDR_WIDTH ==> 5
MIG: 17:10:16 :  Invalid Param: DDR2_DQ_CNT_WIDTH ==> 4
MIG: 17:10:16 :  Invalid Param: DDR2_DQ_PER_DM ==> 8
MIG: 17:10:16 : 
MIG: 17:10:16 :  Valid Param: DDR2_DM_WIDTH ==> 2
MIG: 17:10:16 : 
MIG: 17:10:16 :  Valid Param: DDR2_DQ_WIDTH ==> 16
MIG: 17:10:16 : 
MIG: 17:10:16 :  Valid Param: DDR2_DQS_WIDTH ==> 2
MIG: 17:10:16 : 
MIG: 17:10:16 :  Valid Param: DDR2_DQS_CNT_WIDTH ==> 1
MIG: 17:10:16 :  Invalid Param: DDR2_DRAM_WIDTH ==> 8
MIG: 17:10:16 : 
MIG: 17:10:16 :  Valid Param: ECC ==> OFF
MIG: 17:10:16 : 
MIG: 17:10:16 :  Valid Param: DDR2_DATA_WIDTH ==> 16
MIG: 17:10:16 :  Invalid Param: ECC_TEST ==> "OFF"
MIG: 17:10:16 :  Invalid Param: DDR2_PAYLOAD_WIDTH ==> (ECC_TEST == "OFF") ? DATA_WIDTH : DQ_WIDTH
MIG: 17:10:16 :  Invalid Param: DDR2_MEM_ADDR_ORDER ==> "BANK_ROW_COLUMN"
MIG: 17:10:16 :  Invalid Param: DDR2_nBANK_MACHS ==> 4
MIG: 17:10:16 :  Invalid Param: DDR2_RANKS ==> 1
MIG: 17:10:16 : 
MIG: 17:10:16 :  Valid Param: DDR2_ODT_WIDTH ==> 1
MIG: 17:10:16 : 
MIG: 17:10:16 :  Valid Param: DDR2_ROW_WIDTH ==> 13
MIG: 17:10:16 : 
MIG: 17:10:16 :  Valid Param: DDR2_ADDR_WIDTH ==> 27
MIG: 17:10:16 : 
MIG: 17:10:16 :  Valid Param: DDR2_USE_CS_PORT ==> 1
MIG: 17:10:16 : 
MIG: 17:10:16 :  Valid Param: DDR2_USE_DM_PORT ==> 1
MIG: 17:10:16 : 
MIG: 17:10:16 :  Valid Param: DDR2_USE_ODT_PORT ==> 1
MIG: 17:10:16 :  Invalid Param: DDR2_PHY_CONTROL_MASTER_BANK ==> 0
MIG: 17:10:16 :  Invalid Param: DDR2_MEM_DENSITY ==> "1Gb"
MIG: 17:10:16 :  Invalid Param: DDR2_MEM_SPEEDGRADE ==> "25E"
MIG: 17:10:16 :  Invalid Param: DDR2_MEM_DEVICE_WIDTH ==> 16
MIG: 17:10:16 :  Invalid Param: DDR2_AL ==> "0"
MIG: 17:10:16 :  Invalid Param: DDR2_nAL ==> 0
MIG: 17:10:16 :  Invalid Param: DDR2_BURST_MODE ==> "8"
MIG: 17:10:16 :  Invalid Param: DDR2_BURST_TYPE ==> "SEQ"
MIG: 17:10:16 :  Invalid Param: DDR2_CL ==> 5
MIG: 17:10:16 :  Invalid Param: DDR2_OUTPUT_DRV ==> "HIGH"
MIG: 17:10:16 :  Invalid Param: DDR2_RTT_NOM ==> "50"
MIG: 17:10:16 :  Invalid Param: DDR2_ADDR_CMD_MODE ==> "1T"
MIG: 17:10:16 : 
MIG: 17:10:16 :  Valid Param: DDR2_REG_CTRL ==> OFF
MIG: 17:10:16 :  Invalid Param: DDR2_CLKIN_PERIOD ==> 5000
MIG: 17:10:16 :  Invalid Param: DDR2_CLKFBOUT_MULT ==> 13
MIG: 17:10:16 :  Invalid Param: DDR2_DIVCLK_DIVIDE ==> 2
MIG: 17:10:16 :  Invalid Param: DDR2_CLKOUT0_PHASE ==> 0.0
MIG: 17:10:16 :  Invalid Param: DDR2_CLKOUT0_DIVIDE ==> 2
MIG: 17:10:16 :  Invalid Param: DDR2_CLKOUT1_DIVIDE ==> 4
MIG: 17:10:16 :  Invalid Param: DDR2_CLKOUT2_DIVIDE ==> 64
MIG: 17:10:16 :  Invalid Param: DDR2_CLKOUT3_DIVIDE ==> 16
MIG: 17:10:16 :  Invalid Param: DDR2_MMCM_VCO ==> 1200
MIG: 17:10:16 :  Invalid Param: DDR2_MMCM_MULT_F ==> 14
MIG: 17:10:16 :  Invalid Param: DDR2_MMCM_DIVCLK_DIVIDE ==> 1
MIG: 17:10:16 :  Invalid Param: DDR2_MMCM_CLKOUT0_EN ==> "TRUE"
MIG: 17:10:16 :  Invalid Param: DDR2_MMCM_CLKOUT1_EN ==> "FALSE"
MIG: 17:10:16 :  Invalid Param: DDR2_MMCM_CLKOUT2_EN ==> "FALSE"
MIG: 17:10:16 :  Invalid Param: DDR2_MMCM_CLKOUT3_EN ==> "FALSE"
MIG: 17:10:16 :  Invalid Param: DDR2_MMCM_CLKOUT4_EN ==> "FALSE"
MIG: 17:10:16 :  Invalid Param: DDR2_MMCM_CLKOUT0_DIVIDE ==> 12.000
MIG: 17:10:16 :  Invalid Param: DDR2_MMCM_CLKOUT1_DIVIDE ==> 1
MIG: 17:10:16 :  Invalid Param: DDR2_MMCM_CLKOUT2_DIVIDE ==> 1
MIG: 17:10:16 :  Invalid Param: DDR2_MMCM_CLKOUT3_DIVIDE ==> 1
MIG: 17:10:16 :  Invalid Param: DDR2_MMCM_CLKOUT4_DIVIDE ==> 1
MIG: 17:10:16 :  Invalid Param: DDR2_tCKE ==> 7500
MIG: 17:10:16 :  Invalid Param: DDR2_tFAW ==> 45000
MIG: 17:10:16 :  Invalid Param: DDR2_tPRDI ==> 1_000_000
MIG: 17:10:16 :  Invalid Param: DDR2_tRAS ==> 40000
MIG: 17:10:16 :  Invalid Param: DDR2_tRCD ==> 15000
MIG: 17:10:16 :  Invalid Param: DDR2_tREFI ==> 7800000
MIG: 17:10:16 :  Invalid Param: DDR2_tRFC ==> 127500
MIG: 17:10:16 :  Invalid Param: DDR2_tRP ==> 12500
MIG: 17:10:16 :  Invalid Param: DDR2_tRRD ==> 10000
MIG: 17:10:16 :  Invalid Param: DDR2_tRTP ==> 7500
MIG: 17:10:16 :  Invalid Param: DDR2_tWTR ==> 7500
MIG: 17:10:16 :  Invalid Param: DDR2_tZQI ==> 128_000_000
MIG: 17:10:16 :  Invalid Param: DDR2_tZQCS ==> 64
MIG: 17:10:16 :  Invalid Param: DDR2_SIM_BYPASS_INIT_CAL ==> "OFF"
MIG: 17:10:16 :  Invalid Param: DDR2_SIMULATION ==> "FALSE"
MIG: 17:10:16 :  Invalid Param: DDR2_BYTE_LANES_B0 ==> 4'b1111
MIG: 17:10:16 :  Invalid Param: DDR2_BYTE_LANES_B1 ==> 4'b0000
MIG: 17:10:16 :  Invalid Param: DDR2_BYTE_LANES_B2 ==> 4'b0000
MIG: 17:10:16 :  Invalid Param: DDR2_BYTE_LANES_B3 ==> 4'b0000
MIG: 17:10:16 :  Invalid Param: DDR2_BYTE_LANES_B4 ==> 4'b0000
MIG: 17:10:16 :  Invalid Param: DDR2_DATA_CTL_B0 ==> 4'b0101
MIG: 17:10:16 :  Invalid Param: DDR2_DATA_CTL_B1 ==> 4'b0000
MIG: 17:10:16 :  Invalid Param: DDR2_DATA_CTL_B2 ==> 4'b0000
MIG: 17:10:16 :  Invalid Param: DDR2_DATA_CTL_B3 ==> 4'b0000
MIG: 17:10:16 :  Invalid Param: DDR2_DATA_CTL_B4 ==> 4'b0000
MIG: 17:10:16 :  Invalid Param: DDR2_PHY_0_BITLANES ==> 48'hFFC_3F7_FFF_3FE
MIG: 17:10:16 :  Invalid Param: DDR2_PHY_1_BITLANES ==> 48'h000_000_000_000
MIG: 17:10:16 :  Invalid Param: DDR2_PHY_2_BITLANES ==> 48'h000_000_000_000
MIG: 17:10:16 :  Invalid Param: DDR2_CK_BYTE_MAP ==> 144'h00_00_00_00_00_00_00_00_00_00_00_00_00_00_00_00_00_03
MIG: 17:10:16 :  Invalid Param: DDR2_ADDR_MAP ==> 192'h000_000_000_010_033_01A_019_032_03A_034_018_036_012_011_017_015
MIG: 17:10:16 :  Invalid Param: DDR2_BANK_MAP ==> 36'h013_016_01B
MIG: 17:10:16 :  Invalid Param: DDR2_CAS_MAP ==> 12'h039
MIG: 17:10:16 :  Invalid Param: DDR2_CKE_ODT_BYTE_MAP ==> 8'h00
MIG: 17:10:16 :  Invalid Param: DDR2_CKE_MAP ==> 96'h000_000_000_000_000_000_000_038
MIG: 17:10:16 :  Invalid Param: DDR2_ODT_MAP ==> 96'h000_000_000_000_000_000_000_035
MIG: 17:10:16 :  Invalid Param: DDR2_CS_MAP ==> 120'h000_000_000_000_000_000_000_000_000_037
MIG: 17:10:16 :  Invalid Param: DDR2_PARITY_MAP ==> 12'h000
MIG: 17:10:16 :  Invalid Param: DDR2_RAS_MAP ==> 12'h014
MIG: 17:10:16 :  Invalid Param: DDR2_WE_MAP ==> 12'h03B
MIG: 17:10:16 :  Invalid Param: DDR2_DQS_BYTE_MAP ==> 144'h00_00_00_00_00_00_00_00_00_00_00_00_00_00_00_00_02_00
MIG: 17:10:16 :  Invalid Param: DDR2_DATA0_MAP ==> 96'h008_004_009_007_005_001_006_003
MIG: 17:10:16 :  Invalid Param: DDR2_DATA1_MAP ==> 96'h022_028_020_024_027_025_026_021
MIG: 17:10:16 :  Invalid Param: DDR2_DATA2_MAP ==> 96'h000_000_000_000_000_000_000_000
MIG: 17:10:16 :  Invalid Param: DDR2_DATA3_MAP ==> 96'h000_000_000_000_000_000_000_000
MIG: 17:10:16 :  Invalid Param: DDR2_DATA4_MAP ==> 96'h000_000_000_000_000_000_000_000
MIG: 17:10:16 :  Invalid Param: DDR2_DATA5_MAP ==> 96'h000_000_000_000_000_000_000_000
MIG: 17:10:16 :  Invalid Param: DDR2_DATA6_MAP ==> 96'h000_000_000_000_000_000_000_000
MIG: 17:10:16 :  Invalid Param: DDR2_DATA7_MAP ==> 96'h000_000_000_000_000_000_000_000
MIG: 17:10:16 :  Invalid Param: DDR2_DATA8_MAP ==> 96'h000_000_000_000_000_000_000_000
MIG: 17:10:16 :  Invalid Param: DDR2_DATA9_MAP ==> 96'h000_000_000_000_000_000_000_000
MIG: 17:10:16 :  Invalid Param: DDR2_DATA10_MAP ==> 96'h000_000_000_000_000_000_000_000
MIG: 17:10:16 :  Invalid Param: DDR2_DATA11_MAP ==> 96'h000_000_000_000_000_000_000_000
MIG: 17:10:16 :  Invalid Param: DDR2_DATA12_MAP ==> 96'h000_000_000_000_000_000_000_000
MIG: 17:10:16 :  Invalid Param: DDR2_DATA13_MAP ==> 96'h000_000_000_000_000_000_000_000
MIG: 17:10:16 :  Invalid Param: DDR2_DATA14_MAP ==> 96'h000_000_000_000_000_000_000_000
MIG: 17:10:16 :  Invalid Param: DDR2_DATA15_MAP ==> 96'h000_000_000_000_000_000_000_000
MIG: 17:10:16 :  Invalid Param: DDR2_DATA16_MAP ==> 96'h000_000_000_000_000_000_000_000
MIG: 17:10:16 :  Invalid Param: DDR2_DATA17_MAP ==> 96'h000_000_000_000_000_000_000_000
MIG: 17:10:16 :  Invalid Param: DDR2_MASK0_MAP ==> 108'h000_000_000_000_000_000_000_029_002
MIG: 17:10:16 :  Invalid Param: DDR2_MASK1_MAP ==> 108'h000_000_000_000_000_000_000_000_000
MIG: 17:10:16 :  Invalid Param: DDR2_SLOT_0_CONFIG ==> 8'b0000_0001
MIG: 17:10:16 :  Invalid Param: DDR2_SLOT_1_CONFIG ==> 8'b0000_0000
MIG: 17:10:16 :  Invalid Param: DDR2_IBUF_LPWR_MODE ==> "OFF"
MIG: 17:10:16 :  Invalid Param: DDR2_DATA_IO_IDLE_PWRDWN ==> "ON"
MIG: 17:10:16 :  Invalid Param: DDR2_BANK_TYPE ==> "HR_IO"
MIG: 17:10:16 :  Invalid Param: DDR2_DATA_IO_PRIM_TYPE ==> "HR_LP"
MIG: 17:10:16 :  Invalid Param: DDR2_CKE_ODT_AUX ==> "FALSE"
MIG: 17:10:16 :  Invalid Param: DDR2_USER_REFRESH ==> "OFF"
MIG: 17:10:16 :  Invalid Param: DDR2_WRLVL ==> "OFF"
MIG: 17:10:16 :  Invalid Param: DDR2_ORDERING ==> "NORM"
MIG: 17:10:16 :  Invalid Param: DDR2_CALIB_ROW_ADD ==> 16'h0000
MIG: 17:10:16 :  Invalid Param: DDR2_CALIB_COL_ADD ==> 12'h000
MIG: 17:10:16 :  Invalid Param: DDR2_CALIB_BA_ADD ==> 3'h0
MIG: 17:10:16 :  Invalid Param: DDR2_TCQ ==> 100
MIG: 17:10:16 :  Invalid Param: DDR2_IODELAY_GRP0 ==> "SNAKE_MIG_7SERIES_0_0_IODELAY_MIG0"
MIG: 17:10:16 :  Invalid Param: DDR2_SYSCLK_TYPE ==> "NO_BUFFER"
MIG: 17:10:16 :  Invalid Param: DDR2_REFCLK_TYPE ==> "USE_SYSTEM_CLOCK"
MIG: 17:10:16 :  Invalid Param: DDR2_SYS_RST_PORT ==> "FALSE"
MIG: 17:10:16 :  Invalid Param: DDR2_CMD_PIPE_PLUS1 ==> "ON"
MIG: 17:10:16 :  Invalid Param: DDR2_DRAM_TYPE ==> "DDR2"
MIG: 17:10:16 :  Invalid Param: DDR2_CAL_WIDTH ==> "HALF"
MIG: 17:10:16 :  Invalid Param: DDR2_STARVE_LIMIT ==> 2
MIG: 17:10:16 :  Invalid Param: DDR2_REFCLK_FREQ ==> 200.0
MIG: 17:10:16 :  Invalid Param: DDR2_DIFF_TERM_REFCLK ==> "TRUE"
MIG: 17:10:16 :  Invalid Param: DDR2_tCK ==> 3077
MIG: 17:10:16 : 
MIG: 17:10:16 :  Valid Param: DDR2_nCK_PER_CLK ==> 4
MIG: 17:10:16 :  Invalid Param: DDR2_DIFF_TERM_SYSCLK ==> "TRUE"
MIG: 17:10:16 : 
MIG: 17:10:16 :  Valid Param: UI_EXTRA_CLOCKS ==> TRUE
MIG: 17:10:16 : 
MIG: 17:10:16 :  Valid Param: C_S_AXI_ID_WIDTH ==> 1
MIG: 17:10:16 : 
MIG: 17:10:16 :  Valid Param: C_S_AXI_MEM_SIZE ==> 134217728
MIG: 17:10:16 : 
MIG: 17:10:16 :  Valid Param: C_S_AXI_ADDR_WIDTH ==> 32
MIG: 17:10:16 : 
MIG: 17:10:16 :  Valid Param: C_S_AXI_DATA_WIDTH ==> 64
MIG: 17:10:16 :  Invalid Param: DDR2_C_MC_nCK_PER_CLK ==> 4
MIG: 17:10:16 :  Invalid Param: C_S_AXI_SUPPORTS_NARROW_BURST ==> 0
MIG: 17:10:16 :  Invalid Param: DDR2_C_RD_WR_ARB_ALGORITHM ==> "RD_PRI_REG"
MIG: 17:10:16 :  Invalid Param: C_S_AXI_REG_EN0 ==> 20'h00000
MIG: 17:10:16 :  Invalid Param: C_S_AXI_REG_EN1 ==> 20'h00000
MIG: 17:10:16 : 
MIG: 17:10:16 :  Valid Param: C_S_AXI_CTRL_ADDR_WIDTH ==> 32
MIG: 17:10:16 : 
MIG: 17:10:16 :  Valid Param: C_S_AXI_CTRL_DATA_WIDTH ==> 32
MIG: 17:10:16 :  Invalid Param: C_S_AXI_BASEADDR ==> 32'h0000_0000
MIG: 17:10:16 :  Invalid Param: C_ECC_ONOFF_RESET_VALUE ==> 1
MIG: 17:10:16 :  Invalid Param: C_ECC_CE_COUNTER_WIDTH ==> 8
MIG: 17:10:16 : 
MIG: 17:10:16 :  Valid Param: DDR2_DEBUG_PORT ==> OFF
MIG: 17:10:16 : 
MIG: 17:10:16 :  Invalid Param: DDR2_TEMP_MON_CONTROL ==> "INTERNAL"
MIG: 17:10:16 : 
MIG: 17:10:16 : 
MIG: 17:10:16 : 
MIG: 17:10:16 : Same Interface
MIG: 17:26:06 : Running customizer.xit
MIG: 17:26:06 : ################# RUNNING MIG INTERACTIVE ###################
MIG: 17:26:06 : Writing IN file for 'snake_mig_7series_0_0'...compDirPath: f:/VIVADO/Vivado/2018.1/data/ip/xilinx/mig_7series_v4_1... instDirPath: c:/Users/lenovo/AppData/Roaming/Xilinx/Vivado/.Xil/Vivado-1556-LAPTOP-1MATGI42/coregen/snake_mig_7series_0_0
MIG: 17:26:06 : synp_flow:  -- synthesis_mode: Other
MIG: 17:26:06 : outputDirectory: c:/Users/lenovo/AppData/Roaming/Xilinx/Vivado/.Xil/Vivado-1556-LAPTOP-1MATGI42/coregen/snake_mig_7series_0_0/_tmp/
MIG: 17:26:06 : vivado_mode: xpg_bd
MIG: 17:26:06 :  locked false  
MIG: 17:26:06 : HDL Language: Verilog
MIG: 17:26:06 : compInfo: false
MIG: 17:26:06 : Vivado Options xc7a100t csg324 -1
MIG: 17:26:06 : 1: xc7a100t 2: csg324 3: -1
MIG: 17:26:06 : relative mig path: coregen/ip/xilinx/other/com/xilinx/ip/mig_7series_v4_1/bin/nt64/mig.exe
MIG: 17:26:06 : xilinx_path: F:/VIVADO/Vivado/2018.1/ids_lite/ISE
MIG: 17:26:06 : I am in catch area
MIG: 17:26:06 : Running F:/VIVADO/Vivado/2018.1/ids_lite/ISE/coregen/ip/xilinx/other/com/xilinx/ip/mig_7series_v4_1/bin/nt64/mig.exe -cg_exc_inp c:/Users/lenovo/AppData/Roaming/Xilinx/Vivado/.Xil/Vivado-1556-LAPTOP-1MATGI42/coregen/snake_mig_7series_0_0/xil_txt.in -cg_exc_out c:/Users/lenovo/AppData/Roaming/Xilinx/Vivado/.Xil/Vivado-1556-LAPTOP-1MATGI42/coregen/snake_mig_7series_0_0/xil_txt.out ... 
MIG: 17:32:39 : Prasad before: xmlPropertyPrj -- board.prj
MIG: 17:32:39 : Prasad After: xmlPropertyPrj -- mig_a.prj
MIG: 17:32:39 : XML_INPUT_FILE: c:/Users/lenovo/AppData/Roaming/Xilinx/Vivado/.Xil/Vivado-1556-LAPTOP-1MATGI42/coregen/snake_mig_7series_0_0/mig_a.prj
MIG: 17:32:39 : Component_Name: snake_mig_7series_0_0
MIG: 17:32:39 : Moving snake_mig_7series_0_0 ...
MIG: 17:32:39 : Moving snake_mig_7series_0_0.veo ...
MIG: 17:32:39 : Moving snake_mig_7series_0_0_xmdf.tcl ...
MIG: 17:32:39 : Sending back 0
MIG: 17:32:41 : xml_input_file: mig_a.prj
MIG: 17:32:41 : Absolute path of xml_input_file: d:/CPU/snake_1/snake_1.srcs/sources_1/bd/snake/ip/snake_mig_7series_0_0/mig_a.prj
MIG: 17:32:41 : xml_input_file: mig_a.prj
MIG: 17:32:41 : Absolute path of xml_input_file: d:/CPU/snake_1/snake_1.srcs/sources_1/bd/snake/ip/snake_mig_7series_0_0/mig_a.prj
MIG: 17:32:41 : In updateAllModelParams
MIG: 17:32:41 : IGN:     <ModuleName>snake_mig_7series_0_0</ModuleName> <==>     <ModuleName>snake_mig_7series_0_0</ModuleName> 
MIG: 17:32:41 : IGN:         <InputClkFreq>199.995</InputClkFreq> <==>         <InputClkFreq>199.995</InputClkFreq> 
MIG: 17:32:41 : XGUI hdlLanguage: Verilog
MIG: 17:32:41 : xgui vivado_mode: xpg_bd
MIG: 17:32:41 : xgui hdlLanguage: Verilog -- hdlExt: v
MIG: 17:32:41 : Reading D:/CPU/snake_1/snake_1.srcs/sources_1/bd/snake/ip/snake_mig_7series_0_0/snake_mig_7series_0_0/user_design/rtl/snake_mig_7series_0_0_mig.v ...
MIG: 17:32:42 : 
MIG: 17:32:42 : Inside fn mem: DDR2
MIG: 17:32:42 : detect_uiclk: 81247969
MIG: 17:32:42 : cntrl:  memtype: DDR2
MIG: 17:32:42 : 
MIG: 17:32:42 :  MMCM_VCO single ctrl param_name: MMCM_VCO --  possibleMaxVcoVal: 1200 
MIG: 17:32:42 : 
MIG: 17:32:42 : 
MIG: 17:32:42 : 
MIG: 17:32:42 : 
MIG: 17:32:42 :  polarity_value: 1
MIG: 17:32:42 : 
MIG: 17:32:42 : 
MIG: 17:32:42 : cntrl:  memtype: DDR2
MIG: 17:32:42 : Prasad ----: isMMCMExtraClkParam:: MMCM_CLKOUT0_EN --- "TRUE"
MIG: 17:32:42 : 
MIG: 17:32:42 :  MMCM Enable Param: MMCM_CLKOUT0_EN ==> TRUE
MIG: 17:32:42 : Prasad ----: isMMCMExtraClkParam:: MMCM_CLKOUT1_EN --- "FALSE"
MIG: 17:32:42 : 
MIG: 17:32:42 :  MMCM Enable Param: MMCM_CLKOUT1_EN ==> FALSE
MIG: 17:32:42 : Prasad ----: isMMCMExtraClkParam:: MMCM_CLKOUT2_EN --- "FALSE"
MIG: 17:32:42 : 
MIG: 17:32:42 :  MMCM Enable Param: MMCM_CLKOUT2_EN ==> FALSE
MIG: 17:32:42 : Prasad ----: isMMCMExtraClkParam:: MMCM_CLKOUT3_EN --- "FALSE"
MIG: 17:32:42 : 
MIG: 17:32:42 :  MMCM Enable Param: MMCM_CLKOUT3_EN ==> FALSE
MIG: 17:32:42 : Prasad ----: isMMCMExtraClkParam:: MMCM_CLKOUT4_EN --- "FALSE"
MIG: 17:32:42 : 
MIG: 17:32:42 :  MMCM Enable Param: MMCM_CLKOUT4_EN ==> FALSE
MIG: 17:32:42 : Prasad ----: isMMCMExtraClkParam:: MMCM_CLKOUT0_DIVIDE --- 12.000
MIG: 17:32:42 : possibleMaxVcoVal:: 1200 ---- paramName: MMCM_CLKOUT0_DIVIDE
MIG: 17:32:42 : 
MIG: 17:32:42 :  MMCM Extra Param: MMCM_CLKOUT0_FREQ ==> 100000000
MIG: 17:32:42 : Prasad ----: isMMCMExtraClkParam:: MMCM_CLKOUT1_DIVIDE --- 1
MIG: 17:32:42 : possibleMaxVcoVal:: 1200 ---- paramName: MMCM_CLKOUT1_DIVIDE
MIG: 17:32:42 : 
MIG: 17:32:42 :  MMCM Extra Param: MMCM_CLKOUT1_FREQ ==> 1200000000
MIG: 17:32:42 : Prasad ----: isMMCMExtraClkParam:: MMCM_CLKOUT2_DIVIDE --- 1
MIG: 17:32:42 : possibleMaxVcoVal:: 1200 ---- paramName: MMCM_CLKOUT2_DIVIDE
MIG: 17:32:42 : 
MIG: 17:32:42 :  MMCM Extra Param: MMCM_CLKOUT2_FREQ ==> 1200000000
MIG: 17:32:42 : Prasad ----: isMMCMExtraClkParam:: MMCM_CLKOUT3_DIVIDE --- 1
MIG: 17:32:42 : possibleMaxVcoVal:: 1200 ---- paramName: MMCM_CLKOUT3_DIVIDE
MIG: 17:32:42 : 
MIG: 17:32:42 :  MMCM Extra Param: MMCM_CLKOUT3_FREQ ==> 1200000000
MIG: 17:32:42 : Prasad ----: isMMCMExtraClkParam:: MMCM_CLKOUT4_DIVIDE --- 1
MIG: 17:32:42 : possibleMaxVcoVal:: 1200 ---- paramName: MMCM_CLKOUT4_DIVIDE
MIG: 17:32:42 : 
MIG: 17:32:42 :  MMCM Extra Param: MMCM_CLKOUT4_FREQ ==> 1200000000
MIG: 17:32:42 :  Invalid Param: DDR2_RST_ACT_LOW ==> 1
MIG: 17:32:42 : 
MIG: 17:32:42 :  Valid Param: DDR2_BANK_WIDTH ==> 3
MIG: 17:32:42 : 
MIG: 17:32:42 :  Valid Param: DDR2_CK_WIDTH ==> 1
MIG: 17:32:42 :  Invalid Param: DDR2_COL_WIDTH ==> 10
MIG: 17:32:42 : 
MIG: 17:32:42 :  Valid Param: DDR2_CS_WIDTH ==> 1
MIG: 17:32:42 : 
MIG: 17:32:42 :  Valid Param: DDR2_nCS_PER_RANK ==> 1
MIG: 17:32:42 : 
MIG: 17:32:42 :  Valid Param: DDR2_CKE_WIDTH ==> 1
MIG: 17:32:42 :  Invalid Param: DDR2_DATA_BUF_ADDR_WIDTH ==> 5
MIG: 17:32:42 :  Invalid Param: DDR2_DQ_CNT_WIDTH ==> 4
MIG: 17:32:42 :  Invalid Param: DDR2_DQ_PER_DM ==> 8
MIG: 17:32:42 : 
MIG: 17:32:42 :  Valid Param: DDR2_DM_WIDTH ==> 2
MIG: 17:32:42 : 
MIG: 17:32:42 :  Valid Param: DDR2_DQ_WIDTH ==> 16
MIG: 17:32:42 : 
MIG: 17:32:42 :  Valid Param: DDR2_DQS_WIDTH ==> 2
MIG: 17:32:42 : 
MIG: 17:32:42 :  Valid Param: DDR2_DQS_CNT_WIDTH ==> 1
MIG: 17:32:42 :  Invalid Param: DDR2_DRAM_WIDTH ==> 8
MIG: 17:32:42 : 
MIG: 17:32:42 :  Valid Param: ECC ==> OFF
MIG: 17:32:42 : 
MIG: 17:32:42 :  Valid Param: DDR2_DATA_WIDTH ==> 16
MIG: 17:32:42 :  Invalid Param: ECC_TEST ==> "OFF"
MIG: 17:32:42 :  Invalid Param: DDR2_PAYLOAD_WIDTH ==> (ECC_TEST == "OFF") ? DATA_WIDTH : DQ_WIDTH
MIG: 17:32:42 :  Invalid Param: DDR2_MEM_ADDR_ORDER ==> "BANK_ROW_COLUMN"
MIG: 17:32:42 :  Invalid Param: DDR2_nBANK_MACHS ==> 4
MIG: 17:32:42 :  Invalid Param: DDR2_RANKS ==> 1
MIG: 17:32:42 : 
MIG: 17:32:42 :  Valid Param: DDR2_ODT_WIDTH ==> 1
MIG: 17:32:42 : 
MIG: 17:32:42 :  Valid Param: DDR2_ROW_WIDTH ==> 13
MIG: 17:32:42 : 
MIG: 17:32:42 :  Valid Param: DDR2_ADDR_WIDTH ==> 27
MIG: 17:32:42 : 
MIG: 17:32:42 :  Valid Param: DDR2_USE_CS_PORT ==> 1
MIG: 17:32:42 : 
MIG: 17:32:42 :  Valid Param: DDR2_USE_DM_PORT ==> 1
MIG: 17:32:42 : 
MIG: 17:32:42 :  Valid Param: DDR2_USE_ODT_PORT ==> 1
MIG: 17:32:42 :  Invalid Param: DDR2_PHY_CONTROL_MASTER_BANK ==> 0
MIG: 17:32:42 :  Invalid Param: DDR2_MEM_DENSITY ==> "1Gb"
MIG: 17:32:42 :  Invalid Param: DDR2_MEM_SPEEDGRADE ==> "25E"
MIG: 17:32:42 :  Invalid Param: DDR2_MEM_DEVICE_WIDTH ==> 16
MIG: 17:32:42 :  Invalid Param: DDR2_AL ==> "0"
MIG: 17:32:42 :  Invalid Param: DDR2_nAL ==> 0
MIG: 17:32:42 :  Invalid Param: DDR2_BURST_MODE ==> "8"
MIG: 17:32:42 :  Invalid Param: DDR2_BURST_TYPE ==> "SEQ"
MIG: 17:32:42 :  Invalid Param: DDR2_CL ==> 5
MIG: 17:32:42 :  Invalid Param: DDR2_OUTPUT_DRV ==> "HIGH"
MIG: 17:32:42 :  Invalid Param: DDR2_RTT_NOM ==> "50"
MIG: 17:32:42 :  Invalid Param: DDR2_ADDR_CMD_MODE ==> "1T"
MIG: 17:32:42 : 
MIG: 17:32:42 :  Valid Param: DDR2_REG_CTRL ==> OFF
MIG: 17:32:42 :  Invalid Param: DDR2_CLKIN_PERIOD ==> 5000
MIG: 17:32:42 :  Invalid Param: DDR2_CLKFBOUT_MULT ==> 13
MIG: 17:32:42 :  Invalid Param: DDR2_DIVCLK_DIVIDE ==> 2
MIG: 17:32:42 :  Invalid Param: DDR2_CLKOUT0_PHASE ==> 0.0
MIG: 17:32:42 :  Invalid Param: DDR2_CLKOUT0_DIVIDE ==> 2
MIG: 17:32:42 :  Invalid Param: DDR2_CLKOUT1_DIVIDE ==> 4
MIG: 17:32:42 :  Invalid Param: DDR2_CLKOUT2_DIVIDE ==> 64
MIG: 17:32:42 :  Invalid Param: DDR2_CLKOUT3_DIVIDE ==> 16
MIG: 17:32:42 :  Invalid Param: DDR2_MMCM_VCO ==> 1200
MIG: 17:32:42 :  Invalid Param: DDR2_MMCM_MULT_F ==> 14
MIG: 17:32:42 :  Invalid Param: DDR2_MMCM_DIVCLK_DIVIDE ==> 1
MIG: 17:32:42 :  Invalid Param: DDR2_MMCM_CLKOUT0_EN ==> "TRUE"
MIG: 17:32:42 :  Invalid Param: DDR2_MMCM_CLKOUT1_EN ==> "FALSE"
MIG: 17:32:42 :  Invalid Param: DDR2_MMCM_CLKOUT2_EN ==> "FALSE"
MIG: 17:32:42 :  Invalid Param: DDR2_MMCM_CLKOUT3_EN ==> "FALSE"
MIG: 17:32:42 :  Invalid Param: DDR2_MMCM_CLKOUT4_EN ==> "FALSE"
MIG: 17:32:42 :  Invalid Param: DDR2_MMCM_CLKOUT0_DIVIDE ==> 12.000
MIG: 17:32:42 :  Invalid Param: DDR2_MMCM_CLKOUT1_DIVIDE ==> 1
MIG: 17:32:42 :  Invalid Param: DDR2_MMCM_CLKOUT2_DIVIDE ==> 1
MIG: 17:32:42 :  Invalid Param: DDR2_MMCM_CLKOUT3_DIVIDE ==> 1
MIG: 17:32:42 :  Invalid Param: DDR2_MMCM_CLKOUT4_DIVIDE ==> 1
MIG: 17:32:42 :  Invalid Param: DDR2_tCKE ==> 7500
MIG: 17:32:42 :  Invalid Param: DDR2_tFAW ==> 45000
MIG: 17:32:42 :  Invalid Param: DDR2_tPRDI ==> 1_000_000
MIG: 17:32:42 :  Invalid Param: DDR2_tRAS ==> 40000
MIG: 17:32:42 :  Invalid Param: DDR2_tRCD ==> 15000
MIG: 17:32:42 :  Invalid Param: DDR2_tREFI ==> 7800000
MIG: 17:32:42 :  Invalid Param: DDR2_tRFC ==> 127500
MIG: 17:32:42 :  Invalid Param: DDR2_tRP ==> 12500
MIG: 17:32:42 :  Invalid Param: DDR2_tRRD ==> 10000
MIG: 17:32:42 :  Invalid Param: DDR2_tRTP ==> 7500
MIG: 17:32:42 :  Invalid Param: DDR2_tWTR ==> 7500
MIG: 17:32:42 :  Invalid Param: DDR2_tZQI ==> 128_000_000
MIG: 17:32:42 :  Invalid Param: DDR2_tZQCS ==> 64
MIG: 17:32:42 :  Invalid Param: DDR2_SIM_BYPASS_INIT_CAL ==> "OFF"
MIG: 17:32:42 :  Invalid Param: DDR2_SIMULATION ==> "FALSE"
MIG: 17:32:42 :  Invalid Param: DDR2_BYTE_LANES_B0 ==> 4'b1111
MIG: 17:32:42 :  Invalid Param: DDR2_BYTE_LANES_B1 ==> 4'b0000
MIG: 17:32:42 :  Invalid Param: DDR2_BYTE_LANES_B2 ==> 4'b0000
MIG: 17:32:42 :  Invalid Param: DDR2_BYTE_LANES_B3 ==> 4'b0000
MIG: 17:32:42 :  Invalid Param: DDR2_BYTE_LANES_B4 ==> 4'b0000
MIG: 17:32:42 :  Invalid Param: DDR2_DATA_CTL_B0 ==> 4'b0101
MIG: 17:32:42 :  Invalid Param: DDR2_DATA_CTL_B1 ==> 4'b0000
MIG: 17:32:42 :  Invalid Param: DDR2_DATA_CTL_B2 ==> 4'b0000
MIG: 17:32:42 :  Invalid Param: DDR2_DATA_CTL_B3 ==> 4'b0000
MIG: 17:32:42 :  Invalid Param: DDR2_DATA_CTL_B4 ==> 4'b0000
MIG: 17:32:42 :  Invalid Param: DDR2_PHY_0_BITLANES ==> 48'hFFC_3F7_FFF_3FE
MIG: 17:32:42 :  Invalid Param: DDR2_PHY_1_BITLANES ==> 48'h000_000_000_000
MIG: 17:32:42 :  Invalid Param: DDR2_PHY_2_BITLANES ==> 48'h000_000_000_000
MIG: 17:32:42 :  Invalid Param: DDR2_CK_BYTE_MAP ==> 144'h00_00_00_00_00_00_00_00_00_00_00_00_00_00_00_00_00_03
MIG: 17:32:42 :  Invalid Param: DDR2_ADDR_MAP ==> 192'h000_000_000_010_033_01A_019_032_03A_034_018_036_012_011_017_015
MIG: 17:32:42 :  Invalid Param: DDR2_BANK_MAP ==> 36'h013_016_01B
MIG: 17:32:42 :  Invalid Param: DDR2_CAS_MAP ==> 12'h039
MIG: 17:32:42 :  Invalid Param: DDR2_CKE_ODT_BYTE_MAP ==> 8'h00
MIG: 17:32:42 :  Invalid Param: DDR2_CKE_MAP ==> 96'h000_000_000_000_000_000_000_038
MIG: 17:32:42 :  Invalid Param: DDR2_ODT_MAP ==> 96'h000_000_000_000_000_000_000_035
MIG: 17:32:42 :  Invalid Param: DDR2_CS_MAP ==> 120'h000_000_000_000_000_000_000_000_000_037
MIG: 17:32:42 :  Invalid Param: DDR2_PARITY_MAP ==> 12'h000
MIG: 17:32:42 :  Invalid Param: DDR2_RAS_MAP ==> 12'h014
MIG: 17:32:42 :  Invalid Param: DDR2_WE_MAP ==> 12'h03B
MIG: 17:32:42 :  Invalid Param: DDR2_DQS_BYTE_MAP ==> 144'h00_00_00_00_00_00_00_00_00_00_00_00_00_00_00_00_02_00
MIG: 17:32:42 :  Invalid Param: DDR2_DATA0_MAP ==> 96'h008_004_009_007_005_001_006_003
MIG: 17:32:42 :  Invalid Param: DDR2_DATA1_MAP ==> 96'h022_028_020_024_027_025_026_021
MIG: 17:32:42 :  Invalid Param: DDR2_DATA2_MAP ==> 96'h000_000_000_000_000_000_000_000
MIG: 17:32:42 :  Invalid Param: DDR2_DATA3_MAP ==> 96'h000_000_000_000_000_000_000_000
MIG: 17:32:42 :  Invalid Param: DDR2_DATA4_MAP ==> 96'h000_000_000_000_000_000_000_000
MIG: 17:32:42 :  Invalid Param: DDR2_DATA5_MAP ==> 96'h000_000_000_000_000_000_000_000
MIG: 17:32:42 :  Invalid Param: DDR2_DATA6_MAP ==> 96'h000_000_000_000_000_000_000_000
MIG: 17:32:42 :  Invalid Param: DDR2_DATA7_MAP ==> 96'h000_000_000_000_000_000_000_000
MIG: 17:32:42 :  Invalid Param: DDR2_DATA8_MAP ==> 96'h000_000_000_000_000_000_000_000
MIG: 17:32:42 :  Invalid Param: DDR2_DATA9_MAP ==> 96'h000_000_000_000_000_000_000_000
MIG: 17:32:42 :  Invalid Param: DDR2_DATA10_MAP ==> 96'h000_000_000_000_000_000_000_000
MIG: 17:32:42 :  Invalid Param: DDR2_DATA11_MAP ==> 96'h000_000_000_000_000_000_000_000
MIG: 17:32:42 :  Invalid Param: DDR2_DATA12_MAP ==> 96'h000_000_000_000_000_000_000_000
MIG: 17:32:42 :  Invalid Param: DDR2_DATA13_MAP ==> 96'h000_000_000_000_000_000_000_000
MIG: 17:32:42 :  Invalid Param: DDR2_DATA14_MAP ==> 96'h000_000_000_000_000_000_000_000
MIG: 17:32:42 :  Invalid Param: DDR2_DATA15_MAP ==> 96'h000_000_000_000_000_000_000_000
MIG: 17:32:42 :  Invalid Param: DDR2_DATA16_MAP ==> 96'h000_000_000_000_000_000_000_000
MIG: 17:32:42 :  Invalid Param: DDR2_DATA17_MAP ==> 96'h000_000_000_000_000_000_000_000
MIG: 17:32:42 :  Invalid Param: DDR2_MASK0_MAP ==> 108'h000_000_000_000_000_000_000_029_002
MIG: 17:32:42 :  Invalid Param: DDR2_MASK1_MAP ==> 108'h000_000_000_000_000_000_000_000_000
MIG: 17:32:42 :  Invalid Param: DDR2_SLOT_0_CONFIG ==> 8'b0000_0001
MIG: 17:32:42 :  Invalid Param: DDR2_SLOT_1_CONFIG ==> 8'b0000_0000
MIG: 17:32:42 :  Invalid Param: DDR2_IBUF_LPWR_MODE ==> "OFF"
MIG: 17:32:42 :  Invalid Param: DDR2_DATA_IO_IDLE_PWRDWN ==> "ON"
MIG: 17:32:42 :  Invalid Param: DDR2_BANK_TYPE ==> "HR_IO"
MIG: 17:32:42 :  Invalid Param: DDR2_DATA_IO_PRIM_TYPE ==> "HR_LP"
MIG: 17:32:42 :  Invalid Param: DDR2_CKE_ODT_AUX ==> "FALSE"
MIG: 17:32:42 :  Invalid Param: DDR2_USER_REFRESH ==> "OFF"
MIG: 17:32:42 :  Invalid Param: DDR2_WRLVL ==> "OFF"
MIG: 17:32:42 :  Invalid Param: DDR2_ORDERING ==> "NORM"
MIG: 17:32:42 :  Invalid Param: DDR2_CALIB_ROW_ADD ==> 16'h0000
MIG: 17:32:42 :  Invalid Param: DDR2_CALIB_COL_ADD ==> 12'h000
MIG: 17:32:42 :  Invalid Param: DDR2_CALIB_BA_ADD ==> 3'h0
MIG: 17:32:42 :  Invalid Param: DDR2_TCQ ==> 100
MIG: 17:32:42 :  Invalid Param: DDR2_IODELAY_GRP0 ==> "SNAKE_MIG_7SERIES_0_0_IODELAY_MIG0"
MIG: 17:32:42 :  Invalid Param: DDR2_SYSCLK_TYPE ==> "NO_BUFFER"
MIG: 17:32:42 :  Invalid Param: DDR2_REFCLK_TYPE ==> "USE_SYSTEM_CLOCK"
MIG: 17:32:42 :  Invalid Param: DDR2_SYS_RST_PORT ==> "FALSE"
MIG: 17:32:42 :  Invalid Param: DDR2_CMD_PIPE_PLUS1 ==> "ON"
MIG: 17:32:42 :  Invalid Param: DDR2_DRAM_TYPE ==> "DDR2"
MIG: 17:32:42 :  Invalid Param: DDR2_CAL_WIDTH ==> "HALF"
MIG: 17:32:42 :  Invalid Param: DDR2_STARVE_LIMIT ==> 2
MIG: 17:32:42 :  Invalid Param: DDR2_REFCLK_FREQ ==> 200.0
MIG: 17:32:42 :  Invalid Param: DDR2_DIFF_TERM_REFCLK ==> "TRUE"
MIG: 17:32:42 :  Invalid Param: DDR2_tCK ==> 3077
MIG: 17:32:42 : 
MIG: 17:32:42 :  Valid Param: DDR2_nCK_PER_CLK ==> 4
MIG: 17:32:42 :  Invalid Param: DDR2_DIFF_TERM_SYSCLK ==> "TRUE"
MIG: 17:32:42 : 
MIG: 17:32:42 :  Valid Param: UI_EXTRA_CLOCKS ==> TRUE
MIG: 17:32:42 : 
MIG: 17:32:42 :  Valid Param: C_S_AXI_ID_WIDTH ==> 1
MIG: 17:32:42 : 
MIG: 17:32:42 :  Valid Param: C_S_AXI_MEM_SIZE ==> 134217728
MIG: 17:32:42 : 
MIG: 17:32:42 :  Valid Param: C_S_AXI_ADDR_WIDTH ==> 32
MIG: 17:32:42 : 
MIG: 17:32:42 :  Valid Param: C_S_AXI_DATA_WIDTH ==> 64
MIG: 17:32:42 :  Invalid Param: DDR2_C_MC_nCK_PER_CLK ==> 4
MIG: 17:32:42 :  Invalid Param: C_S_AXI_SUPPORTS_NARROW_BURST ==> 0
MIG: 17:32:42 :  Invalid Param: DDR2_C_RD_WR_ARB_ALGORITHM ==> "RD_PRI_REG"
MIG: 17:32:42 :  Invalid Param: C_S_AXI_REG_EN0 ==> 20'h00000
MIG: 17:32:42 :  Invalid Param: C_S_AXI_REG_EN1 ==> 20'h00000
MIG: 17:32:42 : 
MIG: 17:32:42 :  Valid Param: C_S_AXI_CTRL_ADDR_WIDTH ==> 32
MIG: 17:32:42 : 
MIG: 17:32:42 :  Valid Param: C_S_AXI_CTRL_DATA_WIDTH ==> 32
MIG: 17:32:42 :  Invalid Param: C_S_AXI_BASEADDR ==> 32'h0000_0000
MIG: 17:32:42 :  Invalid Param: C_ECC_ONOFF_RESET_VALUE ==> 1
MIG: 17:32:42 :  Invalid Param: C_ECC_CE_COUNTER_WIDTH ==> 8
MIG: 17:32:42 : 
MIG: 17:32:42 :  Valid Param: DDR2_DEBUG_PORT ==> OFF
MIG: 17:32:42 : 
MIG: 17:32:42 :  Invalid Param: DDR2_TEMP_MON_CONTROL ==> "INTERNAL"
MIG: 17:32:42 : 
MIG: 17:32:42 : 
MIG: 17:32:42 : 
MIG: 17:32:42 : Same Interface
MIG: 17:36:07 : xml_input_file: mig_a.prj
MIG: 17:36:07 : Absolute path of xml_input_file: d:/CPU/snake_1/snake_1.srcs/sources_1/bd/snake/ip/snake_mig_7series_0_0/mig_a.prj
MIG: 17:36:07 : In updateAllModelParams
MIG: 17:36:07 : XGUI hdlLanguage: Verilog
MIG: 17:36:07 : xgui vivado_mode: xpg_bd
MIG: 17:36:07 : xgui hdlLanguage: Verilog -- hdlExt: v
MIG: 17:36:07 : Reading D:/CPU/snake_1/snake_1.srcs/sources_1/bd/snake/ip/snake_mig_7series_0_0/snake_mig_7series_0_0/user_design/rtl/snake_mig_7series_0_0_mig.v ...
MIG: 17:36:08 : 
MIG: 17:36:08 : Inside fn mem: DDR2
MIG: 17:36:08 : detect_uiclk: 81247969
MIG: 17:36:08 : cntrl:  memtype: DDR2
MIG: 17:36:08 : 
MIG: 17:36:08 :  MMCM_VCO single ctrl param_name: MMCM_VCO --  possibleMaxVcoVal: 1200 
MIG: 17:36:08 : 
MIG: 17:36:08 : 
MIG: 17:36:08 : 
MIG: 17:36:08 : 
MIG: 17:36:08 :  polarity_value: 1
MIG: 17:36:08 : 
MIG: 17:36:08 : 
MIG: 17:36:08 : cntrl:  memtype: DDR2
MIG: 17:36:08 : Prasad ----: isMMCMExtraClkParam:: MMCM_CLKOUT0_EN --- "TRUE"
MIG: 17:36:08 : 
MIG: 17:36:08 :  MMCM Enable Param: MMCM_CLKOUT0_EN ==> TRUE
MIG: 17:36:08 : Prasad ----: isMMCMExtraClkParam:: MMCM_CLKOUT1_EN --- "FALSE"
MIG: 17:36:08 : 
MIG: 17:36:08 :  MMCM Enable Param: MMCM_CLKOUT1_EN ==> FALSE
MIG: 17:36:08 : Prasad ----: isMMCMExtraClkParam:: MMCM_CLKOUT2_EN --- "FALSE"
MIG: 17:36:08 : 
MIG: 17:36:08 :  MMCM Enable Param: MMCM_CLKOUT2_EN ==> FALSE
MIG: 17:36:08 : Prasad ----: isMMCMExtraClkParam:: MMCM_CLKOUT3_EN --- "FALSE"
MIG: 17:36:08 : 
MIG: 17:36:08 :  MMCM Enable Param: MMCM_CLKOUT3_EN ==> FALSE
MIG: 17:36:08 : Prasad ----: isMMCMExtraClkParam:: MMCM_CLKOUT4_EN --- "FALSE"
MIG: 17:36:08 : 
MIG: 17:36:08 :  MMCM Enable Param: MMCM_CLKOUT4_EN ==> FALSE
MIG: 17:36:08 : Prasad ----: isMMCMExtraClkParam:: MMCM_CLKOUT0_DIVIDE --- 12.000
MIG: 17:36:08 : possibleMaxVcoVal:: 1200 ---- paramName: MMCM_CLKOUT0_DIVIDE
MIG: 17:36:08 : 
MIG: 17:36:08 :  MMCM Extra Param: MMCM_CLKOUT0_FREQ ==> 100000000
MIG: 17:36:08 : Prasad ----: isMMCMExtraClkParam:: MMCM_CLKOUT1_DIVIDE --- 1
MIG: 17:36:08 : possibleMaxVcoVal:: 1200 ---- paramName: MMCM_CLKOUT1_DIVIDE
MIG: 17:36:08 : 
MIG: 17:36:08 :  MMCM Extra Param: MMCM_CLKOUT1_FREQ ==> 1200000000
MIG: 17:36:08 : Prasad ----: isMMCMExtraClkParam:: MMCM_CLKOUT2_DIVIDE --- 1
MIG: 17:36:08 : possibleMaxVcoVal:: 1200 ---- paramName: MMCM_CLKOUT2_DIVIDE
MIG: 17:36:08 : 
MIG: 17:36:08 :  MMCM Extra Param: MMCM_CLKOUT2_FREQ ==> 1200000000
MIG: 17:36:08 : Prasad ----: isMMCMExtraClkParam:: MMCM_CLKOUT3_DIVIDE --- 1
MIG: 17:36:08 : possibleMaxVcoVal:: 1200 ---- paramName: MMCM_CLKOUT3_DIVIDE
MIG: 17:36:08 : 
MIG: 17:36:08 :  MMCM Extra Param: MMCM_CLKOUT3_FREQ ==> 1200000000
MIG: 17:36:08 : Prasad ----: isMMCMExtraClkParam:: MMCM_CLKOUT4_DIVIDE --- 1
MIG: 17:36:08 : possibleMaxVcoVal:: 1200 ---- paramName: MMCM_CLKOUT4_DIVIDE
MIG: 17:36:08 : 
MIG: 17:36:08 :  MMCM Extra Param: MMCM_CLKOUT4_FREQ ==> 1200000000
MIG: 17:36:08 :  Invalid Param: DDR2_RST_ACT_LOW ==> 1
MIG: 17:36:08 : 
MIG: 17:36:08 :  Valid Param: DDR2_BANK_WIDTH ==> 3
MIG: 17:36:08 : 
MIG: 17:36:08 :  Valid Param: DDR2_CK_WIDTH ==> 1
MIG: 17:36:08 :  Invalid Param: DDR2_COL_WIDTH ==> 10
MIG: 17:36:08 : 
MIG: 17:36:08 :  Valid Param: DDR2_CS_WIDTH ==> 1
MIG: 17:36:08 : 
MIG: 17:36:08 :  Valid Param: DDR2_nCS_PER_RANK ==> 1
MIG: 17:36:08 : 
MIG: 17:36:08 :  Valid Param: DDR2_CKE_WIDTH ==> 1
MIG: 17:36:08 :  Invalid Param: DDR2_DATA_BUF_ADDR_WIDTH ==> 5
MIG: 17:36:08 :  Invalid Param: DDR2_DQ_CNT_WIDTH ==> 4
MIG: 17:36:08 :  Invalid Param: DDR2_DQ_PER_DM ==> 8
MIG: 17:36:08 : 
MIG: 17:36:08 :  Valid Param: DDR2_DM_WIDTH ==> 2
MIG: 17:36:08 : 
MIG: 17:36:08 :  Valid Param: DDR2_DQ_WIDTH ==> 16
MIG: 17:36:08 : 
MIG: 17:36:08 :  Valid Param: DDR2_DQS_WIDTH ==> 2
MIG: 17:36:08 : 
MIG: 17:36:08 :  Valid Param: DDR2_DQS_CNT_WIDTH ==> 1
MIG: 17:36:08 :  Invalid Param: DDR2_DRAM_WIDTH ==> 8
MIG: 17:36:08 : 
MIG: 17:36:08 :  Valid Param: ECC ==> OFF
MIG: 17:36:08 : 
MIG: 17:36:08 :  Valid Param: DDR2_DATA_WIDTH ==> 16
MIG: 17:36:08 :  Invalid Param: ECC_TEST ==> "OFF"
MIG: 17:36:08 :  Invalid Param: DDR2_PAYLOAD_WIDTH ==> (ECC_TEST == "OFF") ? DATA_WIDTH : DQ_WIDTH
MIG: 17:36:08 :  Invalid Param: DDR2_MEM_ADDR_ORDER ==> "BANK_ROW_COLUMN"
MIG: 17:36:08 :  Invalid Param: DDR2_nBANK_MACHS ==> 4
MIG: 17:36:08 :  Invalid Param: DDR2_RANKS ==> 1
MIG: 17:36:08 : 
MIG: 17:36:08 :  Valid Param: DDR2_ODT_WIDTH ==> 1
MIG: 17:36:09 : 
MIG: 17:36:09 :  Valid Param: DDR2_ROW_WIDTH ==> 13
MIG: 17:36:09 : 
MIG: 17:36:09 :  Valid Param: DDR2_ADDR_WIDTH ==> 27
MIG: 17:36:09 : 
MIG: 17:36:09 :  Valid Param: DDR2_USE_CS_PORT ==> 1
MIG: 17:36:09 : 
MIG: 17:36:09 :  Valid Param: DDR2_USE_DM_PORT ==> 1
MIG: 17:36:09 : 
MIG: 17:36:09 :  Valid Param: DDR2_USE_ODT_PORT ==> 1
MIG: 17:36:09 :  Invalid Param: DDR2_PHY_CONTROL_MASTER_BANK ==> 0
MIG: 17:36:09 :  Invalid Param: DDR2_MEM_DENSITY ==> "1Gb"
MIG: 17:36:09 :  Invalid Param: DDR2_MEM_SPEEDGRADE ==> "25E"
MIG: 17:36:09 :  Invalid Param: DDR2_MEM_DEVICE_WIDTH ==> 16
MIG: 17:36:09 :  Invalid Param: DDR2_AL ==> "0"
MIG: 17:36:09 :  Invalid Param: DDR2_nAL ==> 0
MIG: 17:36:09 :  Invalid Param: DDR2_BURST_MODE ==> "8"
MIG: 17:36:09 :  Invalid Param: DDR2_BURST_TYPE ==> "SEQ"
MIG: 17:36:09 :  Invalid Param: DDR2_CL ==> 5
MIG: 17:36:09 :  Invalid Param: DDR2_OUTPUT_DRV ==> "HIGH"
MIG: 17:36:09 :  Invalid Param: DDR2_RTT_NOM ==> "50"
MIG: 17:36:09 :  Invalid Param: DDR2_ADDR_CMD_MODE ==> "1T"
MIG: 17:36:09 : 
MIG: 17:36:09 :  Valid Param: DDR2_REG_CTRL ==> OFF
MIG: 17:36:09 :  Invalid Param: DDR2_CLKIN_PERIOD ==> 5000
MIG: 17:36:09 :  Invalid Param: DDR2_CLKFBOUT_MULT ==> 13
MIG: 17:36:09 :  Invalid Param: DDR2_DIVCLK_DIVIDE ==> 2
MIG: 17:36:09 :  Invalid Param: DDR2_CLKOUT0_PHASE ==> 0.0
MIG: 17:36:09 :  Invalid Param: DDR2_CLKOUT0_DIVIDE ==> 2
MIG: 17:36:09 :  Invalid Param: DDR2_CLKOUT1_DIVIDE ==> 4
MIG: 17:36:09 :  Invalid Param: DDR2_CLKOUT2_DIVIDE ==> 64
MIG: 17:36:09 :  Invalid Param: DDR2_CLKOUT3_DIVIDE ==> 16
MIG: 17:36:09 :  Invalid Param: DDR2_MMCM_VCO ==> 1200
MIG: 17:36:09 :  Invalid Param: DDR2_MMCM_MULT_F ==> 14
MIG: 17:36:09 :  Invalid Param: DDR2_MMCM_DIVCLK_DIVIDE ==> 1
MIG: 17:36:09 :  Invalid Param: DDR2_MMCM_CLKOUT0_EN ==> "TRUE"
MIG: 17:36:09 :  Invalid Param: DDR2_MMCM_CLKOUT1_EN ==> "FALSE"
MIG: 17:36:09 :  Invalid Param: DDR2_MMCM_CLKOUT2_EN ==> "FALSE"
MIG: 17:36:09 :  Invalid Param: DDR2_MMCM_CLKOUT3_EN ==> "FALSE"
MIG: 17:36:09 :  Invalid Param: DDR2_MMCM_CLKOUT4_EN ==> "FALSE"
MIG: 17:36:09 :  Invalid Param: DDR2_MMCM_CLKOUT0_DIVIDE ==> 12.000
MIG: 17:36:09 :  Invalid Param: DDR2_MMCM_CLKOUT1_DIVIDE ==> 1
MIG: 17:36:09 :  Invalid Param: DDR2_MMCM_CLKOUT2_DIVIDE ==> 1
MIG: 17:36:09 :  Invalid Param: DDR2_MMCM_CLKOUT3_DIVIDE ==> 1
MIG: 17:36:09 :  Invalid Param: DDR2_MMCM_CLKOUT4_DIVIDE ==> 1
MIG: 17:36:09 :  Invalid Param: DDR2_tCKE ==> 7500
MIG: 17:36:09 :  Invalid Param: DDR2_tFAW ==> 45000
MIG: 17:36:09 :  Invalid Param: DDR2_tPRDI ==> 1_000_000
MIG: 17:36:09 :  Invalid Param: DDR2_tRAS ==> 40000
MIG: 17:36:09 :  Invalid Param: DDR2_tRCD ==> 15000
MIG: 17:36:09 :  Invalid Param: DDR2_tREFI ==> 7800000
MIG: 17:36:09 :  Invalid Param: DDR2_tRFC ==> 127500
MIG: 17:36:09 :  Invalid Param: DDR2_tRP ==> 12500
MIG: 17:36:09 :  Invalid Param: DDR2_tRRD ==> 10000
MIG: 17:36:09 :  Invalid Param: DDR2_tRTP ==> 7500
MIG: 17:36:09 :  Invalid Param: DDR2_tWTR ==> 7500
MIG: 17:36:09 :  Invalid Param: DDR2_tZQI ==> 128_000_000
MIG: 17:36:09 :  Invalid Param: DDR2_tZQCS ==> 64
MIG: 17:36:09 :  Invalid Param: DDR2_SIM_BYPASS_INIT_CAL ==> "OFF"
MIG: 17:36:09 :  Invalid Param: DDR2_SIMULATION ==> "FALSE"
MIG: 17:36:09 :  Invalid Param: DDR2_BYTE_LANES_B0 ==> 4'b1111
MIG: 17:36:09 :  Invalid Param: DDR2_BYTE_LANES_B1 ==> 4'b0000
MIG: 17:36:09 :  Invalid Param: DDR2_BYTE_LANES_B2 ==> 4'b0000
MIG: 17:36:09 :  Invalid Param: DDR2_BYTE_LANES_B3 ==> 4'b0000
MIG: 17:36:09 :  Invalid Param: DDR2_BYTE_LANES_B4 ==> 4'b0000
MIG: 17:36:09 :  Invalid Param: DDR2_DATA_CTL_B0 ==> 4'b0101
MIG: 17:36:09 :  Invalid Param: DDR2_DATA_CTL_B1 ==> 4'b0000
MIG: 17:36:09 :  Invalid Param: DDR2_DATA_CTL_B2 ==> 4'b0000
MIG: 17:36:09 :  Invalid Param: DDR2_DATA_CTL_B3 ==> 4'b0000
MIG: 17:36:09 :  Invalid Param: DDR2_DATA_CTL_B4 ==> 4'b0000
MIG: 17:36:09 :  Invalid Param: DDR2_PHY_0_BITLANES ==> 48'hFFC_3F7_FFF_3FE
MIG: 17:36:09 :  Invalid Param: DDR2_PHY_1_BITLANES ==> 48'h000_000_000_000
MIG: 17:36:09 :  Invalid Param: DDR2_PHY_2_BITLANES ==> 48'h000_000_000_000
MIG: 17:36:09 :  Invalid Param: DDR2_CK_BYTE_MAP ==> 144'h00_00_00_00_00_00_00_00_00_00_00_00_00_00_00_00_00_03
MIG: 17:36:09 :  Invalid Param: DDR2_ADDR_MAP ==> 192'h000_000_000_010_033_01A_019_032_03A_034_018_036_012_011_017_015
MIG: 17:36:09 :  Invalid Param: DDR2_BANK_MAP ==> 36'h013_016_01B
MIG: 17:36:09 :  Invalid Param: DDR2_CAS_MAP ==> 12'h039
MIG: 17:36:09 :  Invalid Param: DDR2_CKE_ODT_BYTE_MAP ==> 8'h00
MIG: 17:36:09 :  Invalid Param: DDR2_CKE_MAP ==> 96'h000_000_000_000_000_000_000_038
MIG: 17:36:09 :  Invalid Param: DDR2_ODT_MAP ==> 96'h000_000_000_000_000_000_000_035
MIG: 17:36:09 :  Invalid Param: DDR2_CS_MAP ==> 120'h000_000_000_000_000_000_000_000_000_037
MIG: 17:36:09 :  Invalid Param: DDR2_PARITY_MAP ==> 12'h000
MIG: 17:36:09 :  Invalid Param: DDR2_RAS_MAP ==> 12'h014
MIG: 17:36:09 :  Invalid Param: DDR2_WE_MAP ==> 12'h03B
MIG: 17:36:09 :  Invalid Param: DDR2_DQS_BYTE_MAP ==> 144'h00_00_00_00_00_00_00_00_00_00_00_00_00_00_00_00_02_00
MIG: 17:36:09 :  Invalid Param: DDR2_DATA0_MAP ==> 96'h008_004_009_007_005_001_006_003
MIG: 17:36:09 :  Invalid Param: DDR2_DATA1_MAP ==> 96'h022_028_020_024_027_025_026_021
MIG: 17:36:09 :  Invalid Param: DDR2_DATA2_MAP ==> 96'h000_000_000_000_000_000_000_000
MIG: 17:36:09 :  Invalid Param: DDR2_DATA3_MAP ==> 96'h000_000_000_000_000_000_000_000
MIG: 17:36:09 :  Invalid Param: DDR2_DATA4_MAP ==> 96'h000_000_000_000_000_000_000_000
MIG: 17:36:09 :  Invalid Param: DDR2_DATA5_MAP ==> 96'h000_000_000_000_000_000_000_000
MIG: 17:36:09 :  Invalid Param: DDR2_DATA6_MAP ==> 96'h000_000_000_000_000_000_000_000
MIG: 17:36:09 :  Invalid Param: DDR2_DATA7_MAP ==> 96'h000_000_000_000_000_000_000_000
MIG: 17:36:09 :  Invalid Param: DDR2_DATA8_MAP ==> 96'h000_000_000_000_000_000_000_000
MIG: 17:36:09 :  Invalid Param: DDR2_DATA9_MAP ==> 96'h000_000_000_000_000_000_000_000
MIG: 17:36:09 :  Invalid Param: DDR2_DATA10_MAP ==> 96'h000_000_000_000_000_000_000_000
MIG: 17:36:09 :  Invalid Param: DDR2_DATA11_MAP ==> 96'h000_000_000_000_000_000_000_000
MIG: 17:36:09 :  Invalid Param: DDR2_DATA12_MAP ==> 96'h000_000_000_000_000_000_000_000
MIG: 17:36:09 :  Invalid Param: DDR2_DATA13_MAP ==> 96'h000_000_000_000_000_000_000_000
MIG: 17:36:09 :  Invalid Param: DDR2_DATA14_MAP ==> 96'h000_000_000_000_000_000_000_000
MIG: 17:36:09 :  Invalid Param: DDR2_DATA15_MAP ==> 96'h000_000_000_000_000_000_000_000
MIG: 17:36:09 :  Invalid Param: DDR2_DATA16_MAP ==> 96'h000_000_000_000_000_000_000_000
MIG: 17:36:09 :  Invalid Param: DDR2_DATA17_MAP ==> 96'h000_000_000_000_000_000_000_000
MIG: 17:36:09 :  Invalid Param: DDR2_MASK0_MAP ==> 108'h000_000_000_000_000_000_000_029_002
MIG: 17:36:09 :  Invalid Param: DDR2_MASK1_MAP ==> 108'h000_000_000_000_000_000_000_000_000
MIG: 17:36:09 :  Invalid Param: DDR2_SLOT_0_CONFIG ==> 8'b0000_0001
MIG: 17:36:09 :  Invalid Param: DDR2_SLOT_1_CONFIG ==> 8'b0000_0000
MIG: 17:36:09 :  Invalid Param: DDR2_IBUF_LPWR_MODE ==> "OFF"
MIG: 17:36:09 :  Invalid Param: DDR2_DATA_IO_IDLE_PWRDWN ==> "ON"
MIG: 17:36:09 :  Invalid Param: DDR2_BANK_TYPE ==> "HR_IO"
MIG: 17:36:09 :  Invalid Param: DDR2_DATA_IO_PRIM_TYPE ==> "HR_LP"
MIG: 17:36:09 :  Invalid Param: DDR2_CKE_ODT_AUX ==> "FALSE"
MIG: 17:36:09 :  Invalid Param: DDR2_USER_REFRESH ==> "OFF"
MIG: 17:36:09 :  Invalid Param: DDR2_WRLVL ==> "OFF"
MIG: 17:36:09 :  Invalid Param: DDR2_ORDERING ==> "NORM"
MIG: 17:36:09 :  Invalid Param: DDR2_CALIB_ROW_ADD ==> 16'h0000
MIG: 17:36:09 :  Invalid Param: DDR2_CALIB_COL_ADD ==> 12'h000
MIG: 17:36:09 :  Invalid Param: DDR2_CALIB_BA_ADD ==> 3'h0
MIG: 17:36:09 :  Invalid Param: DDR2_TCQ ==> 100
MIG: 17:36:09 :  Invalid Param: DDR2_IODELAY_GRP0 ==> "SNAKE_MIG_7SERIES_0_0_IODELAY_MIG0"
MIG: 17:36:09 :  Invalid Param: DDR2_SYSCLK_TYPE ==> "NO_BUFFER"
MIG: 17:36:09 :  Invalid Param: DDR2_REFCLK_TYPE ==> "USE_SYSTEM_CLOCK"
MIG: 17:36:09 :  Invalid Param: DDR2_SYS_RST_PORT ==> "FALSE"
MIG: 17:36:09 :  Invalid Param: DDR2_CMD_PIPE_PLUS1 ==> "ON"
MIG: 17:36:09 :  Invalid Param: DDR2_DRAM_TYPE ==> "DDR2"
MIG: 17:36:09 :  Invalid Param: DDR2_CAL_WIDTH ==> "HALF"
MIG: 17:36:09 :  Invalid Param: DDR2_STARVE_LIMIT ==> 2
MIG: 17:36:09 :  Invalid Param: DDR2_REFCLK_FREQ ==> 200.0
MIG: 17:36:09 :  Invalid Param: DDR2_DIFF_TERM_REFCLK ==> "TRUE"
MIG: 17:36:09 :  Invalid Param: DDR2_tCK ==> 3077
MIG: 17:36:09 : 
MIG: 17:36:09 :  Valid Param: DDR2_nCK_PER_CLK ==> 4
MIG: 17:36:09 :  Invalid Param: DDR2_DIFF_TERM_SYSCLK ==> "TRUE"
MIG: 17:36:09 : 
MIG: 17:36:09 :  Valid Param: UI_EXTRA_CLOCKS ==> TRUE
MIG: 17:36:09 : 2
MIG: 17:36:09 :  Valid Param: C_S_AXI_ID_WIDTH ==> 2
MIG: 17:36:09 : 
MIG: 17:36:09 :  Valid Param: C_S_AXI_MEM_SIZE ==> 134217728
MIG: 17:36:09 : 
MIG: 17:36:09 :  Valid Param: C_S_AXI_ADDR_WIDTH ==> 32
MIG: 17:36:09 : 
MIG: 17:36:09 :  Valid Param: C_S_AXI_DATA_WIDTH ==> 64
MIG: 17:36:09 :  Invalid Param: DDR2_C_MC_nCK_PER_CLK ==> 4
MIG: 17:36:09 :  Invalid Param: C_S_AXI_SUPPORTS_NARROW_BURST ==> 0
MIG: 17:36:09 :  Invalid Param: DDR2_C_RD_WR_ARB_ALGORITHM ==> "RD_PRI_REG"
MIG: 17:36:09 :  Invalid Param: C_S_AXI_REG_EN0 ==> 20'h00000
MIG: 17:36:09 :  Invalid Param: C_S_AXI_REG_EN1 ==> 20'h00000
MIG: 17:36:09 : 
MIG: 17:36:09 :  Valid Param: C_S_AXI_CTRL_ADDR_WIDTH ==> 32
MIG: 17:36:09 : 
MIG: 17:36:09 :  Valid Param: C_S_AXI_CTRL_DATA_WIDTH ==> 32
MIG: 17:36:09 :  Invalid Param: C_S_AXI_BASEADDR ==> 32'h0000_0000
MIG: 17:36:09 :  Invalid Param: C_ECC_ONOFF_RESET_VALUE ==> 1
MIG: 17:36:09 :  Invalid Param: C_ECC_CE_COUNTER_WIDTH ==> 8
MIG: 17:36:09 : 
MIG: 17:36:09 :  Valid Param: DDR2_DEBUG_PORT ==> OFF
MIG: 17:36:09 : 
MIG: 17:36:09 :  Invalid Param: DDR2_TEMP_MON_CONTROL ==> "INTERNAL"
MIG: 17:36:09 : 
MIG: 17:36:09 : 
MIG: 17:36:09 : 
MIG: 17:36:09 : Same Interface
MIG: 17:36:09 : xml_input_file: mig_a.prj
MIG: 17:36:09 : Absolute path of xml_input_file: d:/CPU/snake_1/snake_1.srcs/sources_1/bd/snake/ip/snake_mig_7series_0_0/mig_a.prj
MIG: 17:37:14 : Running synthesis.xit
MIG: 17:37:14 : IGN:     <ModuleName>snake_mig_7series_0_0</ModuleName> <==>     <ModuleName>snake_mig_7series_0_0</ModuleName> 
MIG: 17:37:14 : IGN:         <InputClkFreq>199.995</InputClkFreq> <==>         <InputClkFreq>199.995</InputClkFreq> 
MIG: 17:37:14 : ERR:             <C0_S_AXI_ID_WIDTH>2</C0_S_AXI_ID_WIDTH> <==>             <C0_S_AXI_ID_WIDTH>1</C0_S_AXI_ID_WIDTH> 
MIG: 17:37:14 : ################# RUNNING MIG BATCH ###################
MIG: 17:37:14 : Writing IN file for 'snake_mig_7series_0_0'...compDirPath: f:/VIVADO/Vivado/2018.1/data/ip/xilinx/mig_7series_v4_1... instDirPath: d:/CPU/snake_1/snake_1.srcs/sources_1/bd/snake/ip/snake_mig_7series_0_0
MIG: 17:37:14 : synp_flow:  -- synthesis_mode: Other
MIG: 17:37:14 : outputDirectory: d:/CPU/snake_1/snake_1.srcs/sources_1/bd/snake/ip/snake_mig_7series_0_0/_tmp/
MIG: 17:37:14 : vivado_mode: xpg_bd
MIG: 17:37:14 : isPortInterface: 0
MIG: 17:37:14 : isPortInterface: 0
MIG: 17:37:14 : isPortInterface: 0
MIG: 17:37:14 : isPortInterface: 0
MIG: 17:37:14 : isPortInterface: 0
MIG: 17:37:14 : isPortInterface: 0
MIG: 17:37:14 : isPortInterface: 0
MIG: 17:37:14 : isPortInterface: 0
MIG: 17:37:14 : isPortInterface: 0
MIG: 17:37:14 : isPortInterface: 0
MIG: 17:37:14 : isPortInterface: 0
MIG: 17:37:14 : isPortInterface: 0
MIG: 17:37:14 : isPortInterface: 0
MIG: 17:37:14 : isPortInterface: 0
MIG: 17:37:14 : isPortInterface: 0
MIG: 17:37:14 : isPortInterface: 0
MIG: 17:37:14 : isPortInterface: 0
MIG: 17:37:14 : isPortInterface: 0
MIG: 17:37:14 : isPortInterface: 0
MIG: 17:37:14 : isPortInterface: 0
MIG: 17:37:14 : isPortInterface: 0
MIG: 17:37:14 : isPortInterface: 0
MIG: 17:37:14 : isPortInterface: 0
MIG: 17:37:14 : isPortInterface: 0
MIG: 17:37:14 : isPortInterface: 0
MIG: 17:37:14 : isPortInterface: 0
MIG: 17:37:14 : isPortInterface: 0
MIG: 17:37:14 : isPortInterface: 0
MIG: 17:37:14 : isPortInterface: 0
MIG: 17:37:14 : isPortInterface: 0
MIG: 17:37:14 : isPortInterface: 0
MIG: 17:37:14 : isPortInterface: 0
MIG: 17:37:14 : isPortInterface: 0
MIG: 17:37:14 : isPortInterface: 0
MIG: 17:37:14 : isPortInterface: 0
MIG: 17:37:14 : isPortInterface: 0
MIG: 17:37:14 : isPortInterface: 0
MIG: 17:37:14 : isPortInterface: 0
MIG: 17:37:14 : isPortInterface: 0
MIG: 17:37:14 : isPortInterface: 0
MIG: 17:37:14 : isPortInterface: 0
MIG: 17:37:14 : isPortInterface: 0
MIG: 17:37:14 : isPortInterface: 0
MIG: 17:37:14 : isPortInterface: 0
MIG: 17:37:14 : isPortInterface: 0
MIG: 17:37:14 : isPortInterface: 0
MIG: 17:37:14 : isPortInterface: 0
MIG: 17:37:14 : isPortInterface: 0
MIG: 17:37:14 : isPortInterface: 0
MIG: 17:37:14 : isPortInterface: 0
MIG: 17:37:14 : isPortInterface: 0
MIG: 17:37:14 : isPortInterface: 0
MIG: 17:37:14 : isPortInterface: 0
MIG: 17:37:14 : isPortInterface: 0
MIG: 17:37:14 : isPortInterface: 0
MIG: 17:37:14 : isPortInterface: 0
MIG: 17:37:14 : isPortInterface: 0
MIG: 17:37:14 : isPortInterface: 0
MIG: 17:37:14 : isPortInterface: 0
MIG: 17:37:14 : isPortInterface: 0
MIG: 17:37:14 : isPortInterface: 0
MIG: 17:37:14 : isPortInterface: 0
MIG: 17:37:14 : isPortInterface: 0
MIG: 17:37:14 : isPortInterface: 0
MIG: 17:37:14 : isPortInterface: 0
MIG: 17:37:14 : isPortInterface: 0
MIG: 17:37:14 : isPortInterface: 0
MIG: 17:37:14 : isPortInterface: 0
MIG: 17:37:14 : isPortInterface: 0
MIG: 17:37:14 : isPortInterface: 0
MIG: 17:37:14 : isPortInterface: 0
MIG: 17:37:14 : isPortInterface: 0
MIG: 17:37:14 : isPortInterface: 0
MIG: 17:37:14 : isPortInterface: 0
MIG: 17:37:14 : isPortInterface: 0
MIG: 17:37:14 : isPortInterface: 0
MIG: 17:37:14 : isPortInterface: 0
MIG: 17:37:14 : isPortInterface: 0
MIG: 17:37:14 : isPortInterface: 0
MIG: 17:37:14 : isPortInterface: 0
MIG: 17:37:14 : isPortInterface: 0
MIG: 17:37:14 : isPortInterface: 0
MIG: 17:37:14 : isPortInterface: 0
MIG: 17:37:14 : isPortInterface: 0
MIG: 17:37:14 : isPortInterface: 0
MIG: 17:37:14 : isPortInterface: 0
MIG: 17:37:14 : isPortInterface: 0
MIG: 17:37:14 : isPortInterface: 0
MIG: 17:37:14 : isPortInterface: 0
MIG: 17:37:14 : isPortInterface: 0
MIG: 17:37:14 : isPortInterface: 0
MIG: 17:37:14 : isPortInterface: 0
MIG: 17:37:14 : isPortInterface: 0
MIG: 17:37:14 : isPortInterface: 0
MIG: 17:37:14 : isPortInterface: 0
MIG: 17:37:14 : isPortInterface: 0
MIG: 17:37:14 : isPortInterface: 0
MIG: 17:37:14 : isPortInterface: 0
MIG: 17:37:14 : isPortInterface: 0
MIG: 17:37:14 : isPortInterface: 0
MIG: 17:37:14 : isPortInterface: 0
MIG: 17:37:14 : isPortInterface: 0
MIG: 17:37:14 : isPortInterface: 0
MIG: 17:37:14 : isPortInterface: 0
MIG: 17:37:14 : isPortInterface: 0
MIG: 17:37:14 : isPortInterface: 0
MIG: 17:37:14 : isPortInterface: 0
MIG: 17:37:14 : isPortInterface: 0
MIG: 17:37:14 : isPortInterface: 0
MIG: 17:37:14 : isPortInterface: 0
MIG: 17:37:14 : isPortInterface: 0
MIG: 17:37:14 : isPortInterface: 0
MIG: 17:37:14 : isPortInterface: 0
MIG: 17:37:14 : isPortInterface: 0
MIG: 17:37:14 : isPortInterface: 0
MIG: 17:37:14 : isPortInterface: 0
MIG: 17:37:14 : isPortInterface: 0
MIG: 17:37:14 : isPortInterface: 0
MIG: 17:37:14 : isPortInterface: 1
MIG: 17:37:14 : isPortInterface: 0
MIG: 17:37:14 : isPortInterface: 0
MIG: 17:37:14 : isPortInterface: 0
MIG: 17:37:14 : isPortInterface: 0
MIG: 17:37:14 : isPortInterface: 0
MIG: 17:37:14 : isPortInterface: 0
MIG: 17:37:14 : isPortInterface: 0
MIG: 17:37:14 : isPortInterface: 0
MIG: 17:37:14 : isPortInterface: 0
MIG: 17:37:14 : isPortInterface: 0
MIG: 17:37:14 :  locked false  
MIG: 17:37:14 : HDL Language: Verilog
MIG: 17:37:14 : compInfo: false
MIG: 17:37:14 : Vivado Options xc7a100t csg324 -1
MIG: 17:37:14 : 1: xc7a100t 2: csg324 3: -1
MIG: 17:37:14 : relative mig path: coregen/ip/xilinx/other/com/xilinx/ip/mig_7series_v4_1/bin/nt64/mig.exe
MIG: 17:37:14 : xilinx_path: F:/VIVADO/Vivado/2018.1/ids_lite/ISE
MIG: 17:37:14 : I am in catch area
MIG: 17:37:14 : Running F:/VIVADO/Vivado/2018.1/ids_lite/ISE/coregen/ip/xilinx/other/com/xilinx/ip/mig_7series_v4_1/bin/nt64/mig.exe -cg_exc_inp d:/CPU/snake_1/snake_1.srcs/sources_1/bd/snake/ip/snake_mig_7series_0_0/xil_txt.in -cg_exc_out d:/CPU/snake_1/snake_1.srcs/sources_1/bd/snake/ip/snake_mig_7series_0_0/xil_txt.out ... 
MIG: 17:37:23 : XML_INPUT_FILE: d:/CPU/snake_1/snake_1.srcs/sources_1/bd/snake/ip/snake_mig_7series_0_0/mig_a.prj
MIG: 17:37:23 : Component_Name: snake_mig_7series_0_0
MIG: 17:37:23 : Moving snake_mig_7series_0_0 ...
MIG: 17:37:23 : Moving snake_mig_7series_0_0.veo ...
MIG: 17:37:23 : Moving snake_mig_7series_0_0_xmdf.tcl ...
MIG: 17:37:24 : Running vlog_synth_rpr.xit
MIG: 17:37:24 : IGN:     <ModuleName>snake_mig_7series_0_0</ModuleName> <==>     <ModuleName>snake_mig_7series_0_0</ModuleName> 
MIG: 17:37:24 : IGN:         <InputClkFreq>199.995</InputClkFreq> <==>         <InputClkFreq>199.995</InputClkFreq> 
MIG: 17:37:25 : Running simulation.xit
MIG: 17:37:25 : IGN:     <ModuleName>snake_mig_7series_0_0</ModuleName> <==>     <ModuleName>snake_mig_7series_0_0</ModuleName> 
MIG: 17:37:25 : IGN:         <InputClkFreq>199.995</InputClkFreq> <==>         <InputClkFreq>199.995</InputClkFreq> 
MIG: 17:37:25 : Running vlog_sim_rpr.xit .. PRASAD DBG1
MIG: 17:37:26 : IGN:     <ModuleName>snake_mig_7series_0_0</ModuleName> <==>     <ModuleName>snake_mig_7series_0_0</ModuleName> 
MIG: 17:37:26 : IGN:         <InputClkFreq>199.995</InputClkFreq> <==>         <InputClkFreq>199.995</InputClkFreq> 
MIG: 17:37:26 : Running implementation.xit
MIG: 17:37:27 : IGN:     <ModuleName>snake_mig_7series_0_0</ModuleName> <==>     <ModuleName>snake_mig_7series_0_0</ModuleName> 
MIG: 17:37:27 : IGN:         <InputClkFreq>199.995</InputClkFreq> <==>         <InputClkFreq>199.995</InputClkFreq> 
