Copyright 1986-2019 Xilinx, Inc. All Rights Reserved.
-------------------------------------------------------------------------------------------------------------------------------------------------------------
| Tool Version     : Vivado v.2019.1 (win64) Build 2552052 Fri May 24 14:49:42 MDT 2019
| Date             : Mon Jun  6 12:45:37 2022
| Host             : LAPTOP-TMRLG6GU running 64-bit major release  (build 9200)
| Command          : report_power -file snake_wrapper_power_routed.rpt -pb snake_wrapper_power_summary_routed.pb -rpx snake_wrapper_power_routed.rpx
| Design           : snake_wrapper
| Device           : xc7a100tcsg324-1
| Design State     : routed
| Grade            : commercial
| Process          : typical
| Characterization : Production
-------------------------------------------------------------------------------------------------------------------------------------------------------------

Power Report

Table of Contents
-----------------
1. Summary
1.1 On-Chip Components
1.2 Power Supply Summary
1.3 Confidence Level
2. Settings
2.1 Environment
2.2 Clock Constraints
3. Detailed Reports
3.1 By Hierarchy

1. Summary
----------

+--------------------------+--------------+
| Total On-Chip Power (W)  | 1.213        |
| Design Power Budget (W)  | Unspecified* |
| Power Budget Margin (W)  | NA           |
| Dynamic (W)              | 1.103        |
| Device Static (W)        | 0.110        |
| Effective TJA (C/W)      | 4.6          |
| Max Ambient (C)          | 79.5         |
| Junction Temperature (C) | 30.5         |
| Confidence Level         | Low          |
| Setting File             | ---          |
| Simulation Activity File | ---          |
| Design Nets Matched      | NA           |
+--------------------------+--------------+
* Specify Design Power Budget using, set_operating_conditions -design_power_budget <value in Watts>


1.1 On-Chip Components
----------------------

+--------------------------+-----------+----------+-----------+-----------------+
| On-Chip                  | Power (W) | Used     | Available | Utilization (%) |
+--------------------------+-----------+----------+-----------+-----------------+
| Clocks                   |     0.064 |       27 |       --- |             --- |
| Slice Logic              |     0.021 |    39679 |       --- |             --- |
|   LUT as Logic           |     0.017 |    14116 |     63400 |           22.26 |
|   LUT as Distributed RAM |     0.001 |     1128 |     19000 |            5.94 |
|   Register               |     0.001 |    16714 |    126800 |           13.18 |
|   CARRY4                 |    <0.001 |      376 |     15850 |            2.37 |
|   F7/F8 Muxes            |    <0.001 |      484 |     63400 |            0.76 |
|   LUT as Shift Register  |    <0.001 |      734 |     19000 |            3.86 |
|   Others                 |    <0.001 |     1715 |       --- |             --- |
| Signals                  |     0.031 |    28510 |       --- |             --- |
| Block RAM                |     0.006 |     32.5 |       135 |           24.07 |
| MMCM                     |     0.219 |        2 |         6 |           33.33 |
| PLL                      |     0.115 |        1 |         6 |           16.67 |
| I/O                      |     0.534 |      129 |       210 |           61.43 |
| PHASER                   |     0.110 |       14 |       --- |             --- |
| XADC                     |     0.004 |        1 |       --- |             --- |
| Static Power             |     0.110 |          |           |                 |
| Total                    |     1.213 |          |           |                 |
+--------------------------+-----------+----------+-----------+-----------------+


1.2 Power Supply Summary
------------------------

+-----------+-------------+-----------+-------------+------------+
| Source    | Voltage (V) | Total (A) | Dynamic (A) | Static (A) |
+-----------+-------------+-----------+-------------+------------+
| Vccint    |       1.000 |     0.176 |       0.157 |      0.019 |
| Vccaux    |       1.800 |     0.302 |       0.284 |      0.018 |
| Vcco33    |       3.300 |     0.005 |       0.001 |      0.004 |
| Vcco25    |       2.500 |     0.000 |       0.000 |      0.000 |
| Vcco18    |       1.800 |     0.243 |       0.239 |      0.004 |
| Vcco15    |       1.500 |     0.000 |       0.000 |      0.000 |
| Vcco135   |       1.350 |     0.000 |       0.000 |      0.000 |
| Vcco12    |       1.200 |     0.000 |       0.000 |      0.000 |
| Vccaux_io |       1.800 |     0.000 |       0.000 |      0.000 |
| Vccbram   |       1.000 |     0.002 |       0.001 |      0.001 |
| MGTAVcc   |       1.000 |     0.000 |       0.000 |      0.000 |
| MGTAVtt   |       1.200 |     0.000 |       0.000 |      0.000 |
| Vccadc    |       1.800 |     0.022 |       0.002 |      0.020 |
+-----------+-------------+-----------+-------------+------------+


1.3 Confidence Level
--------------------

+-----------------------------+------------+--------------------------------------------------------+------------------------------------------------------------------------------------------------------------+
| User Input Data             | Confidence | Details                                                | Action                                                                                                     |
+-----------------------------+------------+--------------------------------------------------------+------------------------------------------------------------------------------------------------------------+
| Design implementation state | High       | Design is routed                                       |                                                                                                            |
| Clock nodes activity        | High       | User specified more than 95% of clocks                 |                                                                                                            |
| I/O nodes activity          | Low        | More than 75% of inputs are missing user specification | Provide missing input activity with simulation results or by editing the "By Resource Type -> I/Os" view   |
| Internal nodes activity     | Medium     | User specified less than 25% of internal nodes         | Provide missing internal nodes activity with simulation results or by editing the "By Resource Type" views |
| Device models               | High       | Device models are Production                           |                                                                                                            |
|                             |            |                                                        |                                                                                                            |
| Overall confidence level    | Low        |                                                        |                                                                                                            |
+-----------------------------+------------+--------------------------------------------------------+------------------------------------------------------------------------------------------------------------+


2. Settings
-----------

2.1 Environment
---------------

+-----------------------+--------------------------+
| Ambient Temp (C)      | 25.0                     |
| ThetaJA (C/W)         | 4.6                      |
| Airflow (LFM)         | 250                      |
| Heat Sink             | medium (Medium Profile)  |
| ThetaSA (C/W)         | 4.6                      |
| Board Selection       | medium (10"x10")         |
| # of Board Layers     | 12to15 (12 to 15 Layers) |
| Board Temperature (C) | 25.0                     |
+-----------------------+--------------------------+


2.2 Clock Constraints
---------------------

+-----------------------------------------------------------------------------------------------------------------------------------------------------------+----------------------------------------------------------------------------------------------------------------------------------------------------------------------------------------------------------------------+-----------------+
| Clock                                                                                                                                                     | Domain                                                                                                                                                                                                               | Constraint (ns) |
+-----------------------------------------------------------------------------------------------------------------------------------------------------------+----------------------------------------------------------------------------------------------------------------------------------------------------------------------------------------------------------------------+-----------------+
| clk_out1_snake_clk_wiz_1_0                                                                                                                                | snake_i/clk_wiz_1/inst/clk_out1_snake_clk_wiz_1_0                                                                                                                                                                    |            10.0 |
| clk_out2_snake_clk_wiz_1_0                                                                                                                                | snake_i/clk_wiz_1/inst/clk_out2_snake_clk_wiz_1_0                                                                                                                                                                    |             5.0 |
| clk_out3_snake_clk_wiz_1_0                                                                                                                                | snake_i/clk_wiz_1/inst/clk_out3_snake_clk_wiz_1_0                                                                                                                                                                    |            40.0 |
| clk_pll_i                                                                                                                                                 | snake_i/mig_7series_0/u_snake_mig_7series_0_0_mig/u_ddr2_infrastructure/clk_pll_i                                                                                                                                    |            12.3 |
| clkfbout_snake_clk_wiz_1_0                                                                                                                                | snake_i/clk_wiz_1/inst/clkfbout_snake_clk_wiz_1_0                                                                                                                                                                    |            10.0 |
| freq_refclk                                                                                                                                               | snake_i/mig_7series_0/u_snake_mig_7series_0_0_mig/u_ddr2_infrastructure/freq_refclk                                                                                                                                  |             1.5 |
| iserdes_clkdiv                                                                                                                                            | snake_i/mig_7series_0/u_snake_mig_7series_0_0_mig/u_memc_ui_top_axi/mem_intfc0/ddr_phy_top0/u_ddr_mc_phy_wrapper/u_ddr_mc_phy/ddr_phy_4lanes_0.u_ddr_phy_4lanes/ddr_byte_lane_A.ddr_byte_lane_A/iserdes_clkdiv       |            12.3 |
| iserdes_clkdiv_1                                                                                                                                          | snake_i/mig_7series_0/u_snake_mig_7series_0_0_mig/u_memc_ui_top_axi/mem_intfc0/ddr_phy_top0/u_ddr_mc_phy_wrapper/u_ddr_mc_phy/ddr_phy_4lanes_0.u_ddr_phy_4lanes/ddr_byte_lane_C.ddr_byte_lane_C/iserdes_clkdiv       |            12.3 |
| mem_refclk                                                                                                                                                | snake_i/mig_7series_0/u_snake_mig_7series_0_0_mig/u_ddr2_infrastructure/mem_refclk                                                                                                                                   |             3.1 |
| oserdes_clk                                                                                                                                               | snake_i/mig_7series_0/u_snake_mig_7series_0_0_mig/u_memc_ui_top_axi/mem_intfc0/ddr_phy_top0/u_ddr_mc_phy_wrapper/u_ddr_mc_phy/ddr_phy_4lanes_0.u_ddr_phy_4lanes/ddr_byte_lane_A.ddr_byte_lane_A/oserdes_clk          |             3.1 |
| oserdes_clk_1                                                                                                                                             | snake_i/mig_7series_0/u_snake_mig_7series_0_0_mig/u_memc_ui_top_axi/mem_intfc0/ddr_phy_top0/u_ddr_mc_phy_wrapper/u_ddr_mc_phy/ddr_phy_4lanes_0.u_ddr_phy_4lanes/ddr_byte_lane_B.ddr_byte_lane_B/oserdes_clk          |             3.1 |
| oserdes_clk_2                                                                                                                                             | snake_i/mig_7series_0/u_snake_mig_7series_0_0_mig/u_memc_ui_top_axi/mem_intfc0/ddr_phy_top0/u_ddr_mc_phy_wrapper/u_ddr_mc_phy/ddr_phy_4lanes_0.u_ddr_phy_4lanes/ddr_byte_lane_C.ddr_byte_lane_C/oserdes_clk          |             3.1 |
| oserdes_clk_3                                                                                                                                             | snake_i/mig_7series_0/u_snake_mig_7series_0_0_mig/u_memc_ui_top_axi/mem_intfc0/ddr_phy_top0/u_ddr_mc_phy_wrapper/u_ddr_mc_phy/ddr_phy_4lanes_0.u_ddr_phy_4lanes/ddr_byte_lane_D.ddr_byte_lane_D/oserdes_clk          |             3.1 |
| oserdes_clkdiv                                                                                                                                            | snake_i/mig_7series_0/u_snake_mig_7series_0_0_mig/u_memc_ui_top_axi/mem_intfc0/ddr_phy_top0/u_ddr_mc_phy_wrapper/u_ddr_mc_phy/ddr_phy_4lanes_0.u_ddr_phy_4lanes/ddr_byte_lane_A.ddr_byte_lane_A/oserdes_clkdiv       |             6.2 |
| oserdes_clkdiv_1                                                                                                                                          | snake_i/mig_7series_0/u_snake_mig_7series_0_0_mig/u_memc_ui_top_axi/mem_intfc0/ddr_phy_top0/u_ddr_mc_phy_wrapper/u_ddr_mc_phy/ddr_phy_4lanes_0.u_ddr_phy_4lanes/ddr_byte_lane_B.ddr_byte_lane_B/oserdes_clkdiv       |            12.3 |
| oserdes_clkdiv_2                                                                                                                                          | snake_i/mig_7series_0/u_snake_mig_7series_0_0_mig/u_memc_ui_top_axi/mem_intfc0/ddr_phy_top0/u_ddr_mc_phy_wrapper/u_ddr_mc_phy/ddr_phy_4lanes_0.u_ddr_phy_4lanes/ddr_byte_lane_C.ddr_byte_lane_C/oserdes_clkdiv       |             6.2 |
| oserdes_clkdiv_3                                                                                                                                          | snake_i/mig_7series_0/u_snake_mig_7series_0_0_mig/u_memc_ui_top_axi/mem_intfc0/ddr_phy_top0/u_ddr_mc_phy_wrapper/u_ddr_mc_phy/ddr_phy_4lanes_0.u_ddr_phy_4lanes/ddr_byte_lane_D.ddr_byte_lane_D/oserdes_clkdiv       |            12.3 |
| pll_clk3_out                                                                                                                                              | snake_i/mig_7series_0/u_snake_mig_7series_0_0_mig/u_ddr2_infrastructure/pll_clk3_out                                                                                                                                 |            12.3 |
| pll_clkfbout                                                                                                                                              | snake_i/mig_7series_0/u_snake_mig_7series_0_0_mig/u_ddr2_infrastructure/pll_clkfbout                                                                                                                                 |            10.0 |
| snake_i/mdm_1/U0/Use_E2.BSCAN_I/Use_E2.BSCANE2_I/DRCK                                                                                                     | snake_i/mdm_1/U0/Use_E2.BSCAN_I/DRCK                                                                                                                                                                                 |            33.3 |
| snake_i/mdm_1/U0/Use_E2.BSCAN_I/Use_E2.BSCANE2_I/UPDATE                                                                                                   | snake_i/mdm_1/U0/Use_E2.BSCAN_I/Dbg_Update_0                                                                                                                                                                         |            33.3 |
| sync_pulse                                                                                                                                                | snake_i/mig_7series_0/u_snake_mig_7series_0_0_mig/u_ddr2_infrastructure/sync_pulse                                                                                                                                   |            49.2 |
| sys_clock                                                                                                                                                 | sys_clock                                                                                                                                                                                                            |            10.0 |
| u_memc_ui_top_axi/mem_intfc0/ddr_phy_top0/u_ddr_mc_phy_wrapper/u_ddr_mc_phy/ddr_phy_4lanes_0.u_ddr_phy_4lanes/ddr_byte_lane_A.ddr_byte_lane_A/iserdes_clk | snake_i/mig_7series_0/u_snake_mig_7series_0_0_mig/u_memc_ui_top_axi/mem_intfc0/ddr_phy_top0/u_ddr_mc_phy_wrapper/u_ddr_mc_phy/ddr_phy_4lanes_0.u_ddr_phy_4lanes/ddr_byte_lane_A.ddr_byte_lane_A/A_rst_primitives_reg |             3.1 |
| u_memc_ui_top_axi/mem_intfc0/ddr_phy_top0/u_ddr_mc_phy_wrapper/u_ddr_mc_phy/ddr_phy_4lanes_0.u_ddr_phy_4lanes/ddr_byte_lane_C.ddr_byte_lane_C/iserdes_clk | snake_i/mig_7series_0/u_snake_mig_7series_0_0_mig/u_memc_ui_top_axi/mem_intfc0/ddr_phy_top0/u_ddr_mc_phy_wrapper/u_ddr_mc_phy/ddr_phy_4lanes_0.u_ddr_phy_4lanes/ddr_byte_lane_C.ddr_byte_lane_C/A_rst_primitives_reg |             3.1 |
+-----------------------------------------------------------------------------------------------------------------------------------------------------------+----------------------------------------------------------------------------------------------------------------------------------------------------------------------------------------------------------------------+-----------------+


3. Detailed Reports
-------------------

3.1 By Hierarchy
----------------

+-----------------------------------+-----------+
| Name                              | Power (W) |
+-----------------------------------+-----------+
| snake_wrapper                     |     1.103 |
|   snake_i                         |     1.101 |
|     axi_gpio_0                    |     0.002 |
|       U0                          |     0.002 |
|     axi_intc_0                    |     0.001 |
|       U0                          |     0.001 |
|     axi_tft_0                     |     0.003 |
|       U0                          |     0.003 |
|     axi_timer_0                   |     0.003 |
|       U0                          |     0.003 |
|     clk_wiz_1                     |     0.107 |
|       inst                        |     0.107 |
|     mdm_1                         |     0.002 |
|       U0                          |     0.002 |
|     microblaze_0                  |     0.013 |
|       U0                          |     0.013 |
|     microblaze_0_axi_periph       |     0.048 |
|       m00_couplers                |     0.003 |
|       m01_couplers                |     0.005 |
|       m02_couplers                |     0.004 |
|       m03_couplers                |     0.005 |
|       m04_couplers                |     0.005 |
|       m05_couplers                |     0.004 |
|       m06_couplers                |     0.003 |
|       m07_couplers                |     0.006 |
|       s00_couplers                |     0.002 |
|       s01_couplers                |     0.002 |
|       s02_couplers                |     0.001 |
|       xbar                        |     0.008 |
|     microblaze_0_local_memory     |     0.006 |
|       lmb_bram                    |     0.006 |
|     mig_7series_0                 |     0.913 |
|       u_snake_mig_7series_0_0_mig |     0.913 |
+-----------------------------------+-----------+


